[0.010s] Invoking command in '/home/amirmahdi/Mothari_robotics/robotic_course/robot_description/build/robot_description': CMAKE_PREFIX_PATH=/home/amirmahdi/ros2_ws/install/my_py_pkg:/opt/ros/humble /usr/bin/cmake /home/amirmahdi/Mothari_robotics/robotic_course/robot_description -DCMAKE_INSTALL_PREFIX=/home/amirmahdi/Mothari_robotics/robotic_course/robot_description/install/robot_description
[0.153s] -- The C compiler identification is GNU 11.4.0
[0.252s] -- The CXX compiler identification is GNU 11.4.0
[0.260s] -- Detecting C compiler ABI info
[0.316s] -- Detecting C compiler ABI info - done
[0.323s] -- Check for working C compiler: /usr/bin/cc - skipped
[0.323s] -- Detecting C compile features
[0.324s] -- Detecting C compile features - done
[0.328s] -- Detecting CXX compiler ABI info
[0.387s] -- Detecting CXX compiler ABI info - done
[0.392s] -- Check for working CXX compiler: /usr/bin/c++ - skipped
[0.392s] -- Detecting CXX compile features
[0.392s] -- Detecting CXX compile features - done
[0.397s] -- Found ament_cmake: 1.3.12 (/opt/ros/humble/share/ament_cmake/cmake)
[0.514s] -- Found Python3: /usr/bin/python3 (found version "3.10.12") found components: Interpreter 
[0.586s] -- Found rclcpp: 16.0.15 (/opt/ros/humble/share/rclcpp/cmake)
[0.629s] -- Found rosidl_generator_c: 3.1.7 (/opt/ros/humble/share/rosidl_generator_c/cmake)
[0.633s] -- Found rosidl_adapter: 3.1.7 (/opt/ros/humble/share/rosidl_adapter/cmake)
[0.641s] -- Found rosidl_generator_cpp: 3.1.7 (/opt/ros/humble/share/rosidl_generator_cpp/cmake)
[0.651s] -- Using all available rosidl_typesupport_c: rosidl_typesupport_fastrtps_c;rosidl_typesupport_introspection_c
[0.663s] -- Using all available rosidl_typesupport_cpp: rosidl_typesupport_fastrtps_cpp;rosidl_typesupport_introspection_cpp
[0.703s] -- Found rmw_implementation_cmake: 6.1.2 (/opt/ros/humble/share/rmw_implementation_cmake/cmake)
[0.706s] -- Found rmw_fastrtps_cpp: 6.2.8 (/opt/ros/humble/share/rmw_fastrtps_cpp/cmake)
[0.796s] -- Found OpenSSL: /usr/lib/x86_64-linux-gnu/libcrypto.so (found version "3.0.2")  
[0.826s] -- Found FastRTPS: /opt/ros/humble/include  
[0.854s] -- Using RMW implementation 'rmw_fastrtps_cpp' as default
[0.870s] -- Looking for pthread.h
[0.946s] -- Looking for pthread.h - found
[0.946s] -- Performing Test CMAKE_HAVE_LIBC_PTHREAD
[1.022s] -- Performing Test CMAKE_HAVE_LIBC_PTHREAD - Success
[1.024s] -- Found Threads: TRUE  
[1.095s] -- Found sensor_msgs: 4.9.0 (/opt/ros/humble/share/sensor_msgs/cmake)
[1.118s] -- Found nav_msgs: 4.9.0 (/opt/ros/humble/share/nav_msgs/cmake)
[1.128s] -- Found std_srvs: 4.9.0 (/opt/ros/humble/share/std_srvs/cmake)
[1.135s] -- Found tf2: 0.25.16 (/opt/ros/humble/share/tf2/cmake)
[1.146s] -- Found tf2_ros: 0.25.16 (/opt/ros/humble/share/tf2_ros/cmake)
[1.225s] -- Found ament_lint_auto: 0.12.14 (/opt/ros/humble/share/ament_lint_auto/cmake)
[1.277s] -- Added test 'cppcheck' to perform static code analysis on C / C++ code
[1.277s] -- Configured cppcheck include dirs: 
[1.277s] -- Configured cppcheck exclude dirs and/or files: 
[1.277s] -- Added test 'flake8' to check Python code syntax and style conventions
[1.279s] -- Added test 'lint_cmake' to check CMake code style
[1.281s] -- Added test 'pep257' to check Python code against some of the docstring style conventions in PEP 257
[1.283s] -- Added test 'uncrustify' to check C / C++ code style
[1.283s] -- Configured uncrustify additional arguments: 
[1.284s] -- Added test 'xmllint' to check XML markup files
[1.285s] -- Configuring done
[1.295s] -- Generating done
[1.299s] -- Build files have been written to: /home/amirmahdi/Mothari_robotics/robotic_course/robot_description/build/robot_description
[1.306s] Invoked command in '/home/amirmahdi/Mothari_robotics/robotic_course/robot_description/build/robot_description' returned '0': CMAKE_PREFIX_PATH=/home/amirmahdi/ros2_ws/install/my_py_pkg:/opt/ros/humble /usr/bin/cmake /home/amirmahdi/Mothari_robotics/robotic_course/robot_description -DCMAKE_INSTALL_PREFIX=/home/amirmahdi/Mothari_robotics/robotic_course/robot_description/install/robot_description
[1.306s] Invoking command in '/home/amirmahdi/Mothari_robotics/robotic_course/robot_description/build/robot_description': CMAKE_PREFIX_PATH=/home/amirmahdi/ros2_ws/install/my_py_pkg:/opt/ros/humble /usr/bin/cmake --build /home/amirmahdi/Mothari_robotics/robotic_course/robot_description/build/robot_description -- -j20 -l20
[1.344s] [ 16%] [32mBuilding CXX object CMakeFiles/frame_id_converter_node.dir/scripts/frame_id_converter.cpp.o[0m
[1.344s] [ 33%] [32mBuilding CXX object CMakeFiles/ekf_diff_imu_node.dir/scripts/ekf_diff_imu.cpp.o[0m
[1.345s] [ 50%] [32mBuilding CXX object CMakeFiles/motor_command_node.dir/scripts/motor_command.cpp.o[0m
[6.733s] [ 66%] [32m[1mLinking CXX executable frame_id_converter_node[0m
[6.738s] [ 83%] [32m[1mLinking CXX executable motor_command_node[0m
[7.148s] [ 83%] Built target motor_command_node
[7.161s] [ 83%] Built target frame_id_converter_node
[9.829s] [100%] [32m[1mLinking CXX executable ekf_diff_imu_node[0m
[10.253s] [100%] Built target ekf_diff_imu_node
[10.262s] Invoked command in '/home/amirmahdi/Mothari_robotics/robotic_course/robot_description/build/robot_description' returned '0': CMAKE_PREFIX_PATH=/home/amirmahdi/ros2_ws/install/my_py_pkg:/opt/ros/humble /usr/bin/cmake --build /home/amirmahdi/Mothari_robotics/robotic_course/robot_description/build/robot_description -- -j20 -l20
[10.268s] Invoking command in '/home/amirmahdi/Mothari_robotics/robotic_course/robot_description/build/robot_description': CMAKE_PREFIX_PATH=/home/amirmahdi/ros2_ws/install/my_py_pkg:/opt/ros/humble /usr/bin/cmake --install /home/amirmahdi/Mothari_robotics/robotic_course/robot_description/build/robot_description
[10.274s] -- Install configuration: ""
[10.274s] -- Installing: /home/amirmahdi/Mothari_robotics/robotic_course/robot_description/install/robot_description/share/robot_description/src
[10.274s] -- Installing: /home/amirmahdi/Mothari_robotics/robotic_course/robot_description/install/robot_description/share/robot_description/src/description
[10.274s] -- Installing: /home/amirmahdi/Mothari_robotics/robotic_course/robot_description/install/robot_description/share/robot_description/src/description/robot.urdf
[10.274s] -- Installing: /home/amirmahdi/Mothari_robotics/robotic_course/robot_description/install/robot_description/share/robot_description/src/meshes
[10.274s] -- Installing: /home/amirmahdi/Mothari_robotics/robotic_course/robot_description/install/robot_description/share/robot_description/src/meshes/wheel.usd
[10.275s] -- Installing: /home/amirmahdi/Mothari_robotics/robotic_course/robot_description/install/robot_description/share/robot_description/src/meshes/wheel.STL
[10.275s] -- Installing: /home/amirmahdi/Mothari_robotics/robotic_course/robot_description/install/robot_description/share/robot_description/src/meshes/chasis.STL
[10.293s] -- Installing: /home/amirmahdi/Mothari_robotics/robotic_course/robot_description/install/robot_description/share/robot_description/src/meshes/zed.STL
[10.294s] -- Installing: /home/amirmahdi/Mothari_robotics/robotic_course/robot_description/install/robot_description/share/robot_description/src/meshes/Rear_Right_Caster_Wheel_Main.STL
[10.294s] -- Installing: /home/amirmahdi/Mothari_robotics/robotic_course/robot_description/install/robot_description/share/robot_description/src/meshes/Front_Right_Caster_Wheel_Main.STL
[10.295s] -- Installing: /home/amirmahdi/Mothari_robotics/robotic_course/robot_description/install/robot_description/share/robot_description/src/meshes/Front_Left_Caster_Wheel_Main.STL
[10.295s] -- Installing: /home/amirmahdi/Mothari_robotics/robotic_course/robot_description/install/robot_description/share/robot_description/src/meshes/Rear_Left_Caster_Wheel_Main.STL
[10.296s] -- Installing: /home/amirmahdi/Mothari_robotics/robotic_course/robot_description/install/robot_description/share/robot_description/src/meshes/Rear_Trailing.STL
[10.299s] -- Installing: /home/amirmahdi/Mothari_robotics/robotic_course/robot_description/install/robot_description/share/robot_description/launch
[10.299s] -- Installing: /home/amirmahdi/Mothari_robotics/robotic_course/robot_description/install/robot_description/share/robot_description/launch/display.launch.py
[10.299s] -- Installing: /home/amirmahdi/Mothari_robotics/robotic_course/robot_description/install/robot_description/share/robot_description/launch/gazebo.launch.py
[10.299s] -- Installing: /home/amirmahdi/Mothari_robotics/robotic_course/robot_description/install/robot_description/share/robot_description/rviz
[10.299s] -- Installing: /home/amirmahdi/Mothari_robotics/robotic_course/robot_description/install/robot_description/share/robot_description/rviz/config.rviz
[10.299s] -- Installing: /home/amirmahdi/Mothari_robotics/robotic_course/robot_description/install/robot_description/share/robot_description/config
[10.299s] -- Installing: /home/amirmahdi/Mothari_robotics/robotic_course/robot_description/install/robot_description/share/robot_description/config/gz_bridge.yaml
[10.299s] -- Installing: /home/amirmahdi/Mothari_robotics/robotic_course/robot_description/install/robot_description/share/robot_description/world
[10.299s] -- Installing: /home/amirmahdi/Mothari_robotics/robotic_course/robot_description/install/robot_description/share/robot_description/world/depot.sdf
[10.299s] -- Installing: /home/amirmahdi/Mothari_robotics/robotic_course/robot_description/install/robot_description/share/robot_description/world/test.sdf
[10.299s] -- Installing: /home/amirmahdi/Mothari_robotics/robotic_course/robot_description/install/robot_description/share/robot_description/scripts
[10.299s] -- Installing: /home/amirmahdi/Mothari_robotics/robotic_course/robot_description/install/robot_description/share/robot_description/scripts/motor_command.cpp
[10.299s] -- Installing: /home/amirmahdi/Mothari_robotics/robotic_course/robot_description/install/robot_description/share/robot_description/scripts/ekf_diff_imu.cpp
[10.300s] -- Installing: /home/amirmahdi/Mothari_robotics/robotic_course/robot_description/install/robot_description/share/robot_description/scripts/frame_id_converter.cpp
[10.300s] -- Installing: /home/amirmahdi/Mothari_robotics/robotic_course/robot_description/install/robot_description/lib/robot_description/frame_id_converter_node
[10.301s] -- Set runtime path of "/home/amirmahdi/Mothari_robotics/robotic_course/robot_description/install/robot_description/lib/robot_description/frame_id_converter_node" to ""
[10.301s] -- Installing: /home/amirmahdi/Mothari_robotics/robotic_course/robot_description/install/robot_description/lib/robot_description/ekf_diff_imu_node
[10.303s] -- Set runtime path of "/home/amirmahdi/Mothari_robotics/robotic_course/robot_description/install/robot_description/lib/robot_description/ekf_diff_imu_node" to ""
[10.303s] -- Installing: /home/amirmahdi/Mothari_robotics/robotic_course/robot_description/install/robot_description/lib/robot_description/motor_command_node
[10.305s] -- Set runtime path of "/home/amirmahdi/Mothari_robotics/robotic_course/robot_description/install/robot_description/lib/robot_description/motor_command_node" to ""
[10.305s] -- Installing: /home/amirmahdi/Mothari_robotics/robotic_course/robot_description/install/robot_description/share/ament_index/resource_index/package_run_dependencies/robot_description
[10.305s] -- Installing: /home/amirmahdi/Mothari_robotics/robotic_course/robot_description/install/robot_description/share/ament_index/resource_index/parent_prefix_path/robot_description
[10.305s] -- Installing: /home/amirmahdi/Mothari_robotics/robotic_course/robot_description/install/robot_description/share/robot_description/environment/ament_prefix_path.sh
[10.305s] -- Installing: /home/amirmahdi/Mothari_robotics/robotic_course/robot_description/install/robot_description/share/robot_description/environment/ament_prefix_path.dsv
[10.305s] -- Installing: /home/amirmahdi/Mothari_robotics/robotic_course/robot_description/install/robot_description/share/robot_description/environment/path.sh
[10.305s] -- Installing: /home/amirmahdi/Mothari_robotics/robotic_course/robot_description/install/robot_description/share/robot_description/environment/path.dsv
[10.305s] -- Installing: /home/amirmahdi/Mothari_robotics/robotic_course/robot_description/install/robot_description/share/robot_description/local_setup.bash
[10.305s] -- Installing: /home/amirmahdi/Mothari_robotics/robotic_course/robot_description/install/robot_description/share/robot_description/local_setup.sh
[10.306s] -- Installing: /home/amirmahdi/Mothari_robotics/robotic_course/robot_description/install/robot_description/share/robot_description/local_setup.zsh
[10.306s] -- Installing: /home/amirmahdi/Mothari_robotics/robotic_course/robot_description/install/robot_description/share/robot_description/local_setup.dsv
[10.306s] -- Installing: /home/amirmahdi/Mothari_robotics/robotic_course/robot_description/install/robot_description/share/robot_description/package.dsv
[10.306s] -- Installing: /home/amirmahdi/Mothari_robotics/robotic_course/robot_description/install/robot_description/share/ament_index/resource_index/packages/robot_description
[10.306s] -- Installing: /home/amirmahdi/Mothari_robotics/robotic_course/robot_description/install/robot_description/share/robot_description/cmake/robot_descriptionConfig.cmake
[10.306s] -- Installing: /home/amirmahdi/Mothari_robotics/robotic_course/robot_description/install/robot_description/share/robot_description/cmake/robot_descriptionConfig-version.cmake
[10.306s] -- Installing: /home/amirmahdi/Mothari_robotics/robotic_course/robot_description/install/robot_description/share/robot_description/package.xml
[10.307s] Invoked command in '/home/amirmahdi/Mothari_robotics/robotic_course/robot_description/build/robot_description' returned '0': CMAKE_PREFIX_PATH=/home/amirmahdi/ros2_ws/install/my_py_pkg:/opt/ros/humble /usr/bin/cmake --install /home/amirmahdi/Mothari_robotics/robotic_course/robot_description/build/robot_description
