[0.054s] DEBUG:colcon:Command line arguments: ['/usr/bin/colcon', 'build']
[0.054s] DEBUG:colcon:Parsed command line arguments: Namespace(log_base=None, log_level=None, verb_name='build', build_base='build', install_base='install', merge_install=False, symlink_install=False, test_result_base=None, continue_on_error=False, executor='parallel', parallel_workers=20, event_handlers=None, ignore_user_meta=False, metas=['./colcon.meta'], base_paths=['.'], packages_ignore=None, packages_ignore_regex=None, paths=None, packages_up_to=None, packages_up_to_regex=None, packages_above=None, packages_above_and_dependencies=None, packages_above_depth=None, packages_select_by_dep=None, packages_skip_by_dep=None, packages_skip_up_to=None, packages_select_build_failed=False, packages_skip_build_finished=False, packages_select_test_failures=False, packages_skip_test_passed=False, packages_select=None, packages_skip=None, packages_select_regex=None, packages_skip_regex=None, packages_start=None, packages_end=None, allow_overriding=[], cmake_args=None, cmake_target=None, cmake_target_skip_unavailable=False, cmake_clean_cache=False, cmake_clean_first=False, cmake_force_configure=False, ament_cmake_args=None, catkin_cmake_args=None, catkin_skip_building_tests=False, mixin_files=None, mixin=None, verb_parser=<colcon_mixin.mixin.mixin_argument.MixinArgumentDecorator object at 0x79a763d59690>, verb_extension=<colcon_core.verb.build.BuildVerb object at 0x79a763ed2ce0>, main=<bound method BuildVerb.main of <colcon_core.verb.build.BuildVerb object at 0x79a763ed2ce0>>, mixin_verb=('build',))
[0.130s] Level 1:colcon.colcon_core.package_discovery:discover_packages(colcon_meta) check parameters
[0.130s] Level 1:colcon.colcon_core.package_discovery:discover_packages(recursive) check parameters
[0.130s] Level 1:colcon.colcon_core.package_discovery:discover_packages(ignore) check parameters
[0.130s] Level 1:colcon.colcon_core.package_discovery:discover_packages(path) check parameters
[0.130s] Level 1:colcon.colcon_core.package_discovery:discover_packages(colcon_meta) discover
[0.130s] Level 1:colcon.colcon_core.package_discovery:discover_packages(recursive) discover
[0.130s] INFO:colcon.colcon_core.package_discovery:Crawling recursively for packages in '/home/amirmahdi/Mothari_robotics/Robotic_prac1'
[0.130s] Level 1:colcon.colcon_core.package_identification:_identify(.) by extensions ['ignore', 'ignore_ament_install']
[0.130s] Level 1:colcon.colcon_core.package_identification:_identify(.) by extension 'ignore'
[0.130s] Level 1:colcon.colcon_core.package_identification:_identify(.) by extension 'ignore_ament_install'
[0.130s] Level 1:colcon.colcon_core.package_identification:_identify(.) by extensions ['colcon_pkg']
[0.130s] Level 1:colcon.colcon_core.package_identification:_identify(.) by extension 'colcon_pkg'
[0.130s] Level 1:colcon.colcon_core.package_identification:_identify(.) by extensions ['colcon_meta']
[0.130s] Level 1:colcon.colcon_core.package_identification:_identify(.) by extension 'colcon_meta'
[0.130s] Level 1:colcon.colcon_core.package_identification:_identify(.) by extensions ['ros']
[0.130s] Level 1:colcon.colcon_core.package_identification:_identify(.) by extension 'ros'
[0.136s] Level 1:colcon.colcon_core.package_identification:_identify(.) by extensions ['cmake', 'python']
[0.136s] Level 1:colcon.colcon_core.package_identification:_identify(.) by extension 'cmake'
[0.136s] Level 1:colcon.colcon_core.package_identification:_identify(.) by extension 'python'
[0.136s] Level 1:colcon.colcon_core.package_identification:_identify(.) by extensions ['python_setup_py']
[0.136s] Level 1:colcon.colcon_core.package_identification:_identify(.) by extension 'python_setup_py'
[0.136s] Level 1:colcon.colcon_core.package_identification:_identify(build) by extensions ['ignore', 'ignore_ament_install']
[0.136s] Level 1:colcon.colcon_core.package_identification:_identify(build) by extension 'ignore'
[0.136s] Level 1:colcon.colcon_core.package_identification:_identify(build) ignored
[0.136s] Level 1:colcon.colcon_core.package_identification:_identify(install) by extensions ['ignore', 'ignore_ament_install']
[0.136s] Level 1:colcon.colcon_core.package_identification:_identify(install) by extension 'ignore'
[0.136s] Level 1:colcon.colcon_core.package_identification:_identify(install) ignored
[0.136s] Level 1:colcon.colcon_core.package_identification:_identify(log) by extensions ['ignore', 'ignore_ament_install']
[0.136s] Level 1:colcon.colcon_core.package_identification:_identify(log) by extension 'ignore'
[0.136s] Level 1:colcon.colcon_core.package_identification:_identify(log) ignored
[0.136s] Level 1:colcon.colcon_core.package_identification:_identify(prac1_robot_description) by extensions ['ignore', 'ignore_ament_install']
[0.136s] Level 1:colcon.colcon_core.package_identification:_identify(prac1_robot_description) by extension 'ignore'
[0.136s] Level 1:colcon.colcon_core.package_identification:_identify(prac1_robot_description) by extension 'ignore_ament_install'
[0.136s] Level 1:colcon.colcon_core.package_identification:_identify(prac1_robot_description) by extensions ['colcon_pkg']
[0.136s] Level 1:colcon.colcon_core.package_identification:_identify(prac1_robot_description) by extension 'colcon_pkg'
[0.136s] Level 1:colcon.colcon_core.package_identification:_identify(prac1_robot_description) by extensions ['colcon_meta']
[0.136s] Level 1:colcon.colcon_core.package_identification:_identify(prac1_robot_description) by extension 'colcon_meta'
[0.136s] Level 1:colcon.colcon_core.package_identification:_identify(prac1_robot_description) by extensions ['ros']
[0.136s] Level 1:colcon.colcon_core.package_identification:_identify(prac1_robot_description) by extension 'ros'
[0.138s] DEBUG:colcon.colcon_core.package_identification:Package 'prac1_robot_description' with type 'ros.ament_cmake' and name 'prac1_robot_description'
[0.138s] Level 1:colcon.colcon_core.package_identification:_identify(robot_estimation) by extensions ['ignore', 'ignore_ament_install']
[0.138s] Level 1:colcon.colcon_core.package_identification:_identify(robot_estimation) by extension 'ignore'
[0.138s] Level 1:colcon.colcon_core.package_identification:_identify(robot_estimation) by extension 'ignore_ament_install'
[0.138s] Level 1:colcon.colcon_core.package_identification:_identify(robot_estimation) by extensions ['colcon_pkg']
[0.138s] Level 1:colcon.colcon_core.package_identification:_identify(robot_estimation) by extension 'colcon_pkg'
[0.138s] Level 1:colcon.colcon_core.package_identification:_identify(robot_estimation) by extensions ['colcon_meta']
[0.138s] Level 1:colcon.colcon_core.package_identification:_identify(robot_estimation) by extension 'colcon_meta'
[0.138s] Level 1:colcon.colcon_core.package_identification:_identify(robot_estimation) by extensions ['ros']
[0.138s] Level 1:colcon.colcon_core.package_identification:_identify(robot_estimation) by extension 'ros'
[0.139s] DEBUG:colcon.colcon_core.package_identification:Package 'robot_estimation' with type 'ros.ament_cmake' and name 'robot_estimation'
[0.139s] Level 1:colcon.colcon_core.package_discovery:discover_packages(recursive) using defaults
[0.139s] Level 1:colcon.colcon_core.package_discovery:discover_packages(ignore) discover
[0.139s] Level 1:colcon.colcon_core.package_discovery:discover_packages(ignore) using defaults
[0.139s] Level 1:colcon.colcon_core.package_discovery:discover_packages(path) discover
[0.139s] Level 1:colcon.colcon_core.package_discovery:discover_packages(path) using defaults
[0.154s] Level 1:colcon.colcon_core.package_discovery:discover_packages(prefix_path) check parameters
[0.154s] Level 1:colcon.colcon_core.package_discovery:discover_packages(prefix_path) discover
[0.155s] DEBUG:colcon.colcon_installed_package_information.package_discovery:Found 280 installed packages in /opt/ros/humble
[0.155s] Level 1:colcon.colcon_core.package_discovery:discover_packages(prefix_path) using defaults
[0.173s] Level 5:colcon.colcon_core.verb:set package 'prac1_robot_description' build argument 'cmake_args' from command line to 'None'
[0.173s] Level 5:colcon.colcon_core.verb:set package 'prac1_robot_description' build argument 'cmake_target' from command line to 'None'
[0.173s] Level 5:colcon.colcon_core.verb:set package 'prac1_robot_description' build argument 'cmake_target_skip_unavailable' from command line to 'False'
[0.173s] Level 5:colcon.colcon_core.verb:set package 'prac1_robot_description' build argument 'cmake_clean_cache' from command line to 'False'
[0.173s] Level 5:colcon.colcon_core.verb:set package 'prac1_robot_description' build argument 'cmake_clean_first' from command line to 'False'
[0.173s] Level 5:colcon.colcon_core.verb:set package 'prac1_robot_description' build argument 'cmake_force_configure' from command line to 'False'
[0.173s] Level 5:colcon.colcon_core.verb:set package 'prac1_robot_description' build argument 'ament_cmake_args' from command line to 'None'
[0.173s] Level 5:colcon.colcon_core.verb:set package 'prac1_robot_description' build argument 'catkin_cmake_args' from command line to 'None'
[0.173s] Level 5:colcon.colcon_core.verb:set package 'prac1_robot_description' build argument 'catkin_skip_building_tests' from command line to 'False'
[0.173s] DEBUG:colcon.colcon_core.verb:Building package 'prac1_robot_description' with the following arguments: {'ament_cmake_args': None, 'build_base': '/home/amirmahdi/Mothari_robotics/Robotic_prac1/build/prac1_robot_description', 'catkin_cmake_args': None, 'catkin_skip_building_tests': False, 'cmake_args': None, 'cmake_clean_cache': False, 'cmake_clean_first': False, 'cmake_force_configure': False, 'cmake_target': None, 'cmake_target_skip_unavailable': False, 'install_base': '/home/amirmahdi/Mothari_robotics/Robotic_prac1/install/prac1_robot_description', 'merge_install': False, 'path': '/home/amirmahdi/Mothari_robotics/Robotic_prac1/prac1_robot_description', 'symlink_install': False, 'test_result_base': None}
[0.173s] Level 5:colcon.colcon_core.verb:set package 'robot_estimation' build argument 'cmake_args' from command line to 'None'
[0.173s] Level 5:colcon.colcon_core.verb:set package 'robot_estimation' build argument 'cmake_target' from command line to 'None'
[0.173s] Level 5:colcon.colcon_core.verb:set package 'robot_estimation' build argument 'cmake_target_skip_unavailable' from command line to 'False'
[0.173s] Level 5:colcon.colcon_core.verb:set package 'robot_estimation' build argument 'cmake_clean_cache' from command line to 'False'
[0.173s] Level 5:colcon.colcon_core.verb:set package 'robot_estimation' build argument 'cmake_clean_first' from command line to 'False'
[0.173s] Level 5:colcon.colcon_core.verb:set package 'robot_estimation' build argument 'cmake_force_configure' from command line to 'False'
[0.173s] Level 5:colcon.colcon_core.verb:set package 'robot_estimation' build argument 'ament_cmake_args' from command line to 'None'
[0.173s] Level 5:colcon.colcon_core.verb:set package 'robot_estimation' build argument 'catkin_cmake_args' from command line to 'None'
[0.173s] Level 5:colcon.colcon_core.verb:set package 'robot_estimation' build argument 'catkin_skip_building_tests' from command line to 'False'
[0.173s] DEBUG:colcon.colcon_core.verb:Building package 'robot_estimation' with the following arguments: {'ament_cmake_args': None, 'build_base': '/home/amirmahdi/Mothari_robotics/Robotic_prac1/build/robot_estimation', 'catkin_cmake_args': None, 'catkin_skip_building_tests': False, 'cmake_args': None, 'cmake_clean_cache': False, 'cmake_clean_first': False, 'cmake_force_configure': False, 'cmake_target': None, 'cmake_target_skip_unavailable': False, 'install_base': '/home/amirmahdi/Mothari_robotics/Robotic_prac1/install/robot_estimation', 'merge_install': False, 'path': '/home/amirmahdi/Mothari_robotics/Robotic_prac1/robot_estimation', 'symlink_install': False, 'test_result_base': None}
[0.173s] INFO:colcon.colcon_core.executor:Executing jobs using 'parallel' executor
[0.174s] DEBUG:colcon.colcon_parallel_executor.executor.parallel:run_until_complete
[0.174s] INFO:colcon.colcon_ros.task.ament_cmake.build:Building ROS package in '/home/amirmahdi/Mothari_robotics/Robotic_prac1/prac1_robot_description' with build type 'ament_cmake'
[0.174s] INFO:colcon.colcon_cmake.task.cmake.build:Building CMake package in '/home/amirmahdi/Mothari_robotics/Robotic_prac1/prac1_robot_description'
[0.175s] INFO:colcon.colcon_core.plugin_system:Skipping extension 'colcon_core.shell.bat': Not used on non-Windows systems
[0.175s] INFO:colcon.colcon_core.shell:Skip shell extension 'powershell' for command environment: Not usable outside of PowerShell
[0.175s] DEBUG:colcon.colcon_core.shell:Skip shell extension 'dsv' for command environment
[0.177s] INFO:colcon.colcon_ros.task.ament_cmake.build:Building ROS package in '/home/amirmahdi/Mothari_robotics/Robotic_prac1/robot_estimation' with build type 'ament_cmake'
[0.177s] INFO:colcon.colcon_cmake.task.cmake.build:Building CMake package in '/home/amirmahdi/Mothari_robotics/Robotic_prac1/robot_estimation'
[0.177s] INFO:colcon.colcon_core.shell:Skip shell extension 'powershell' for command environment: Not usable outside of PowerShell
[0.177s] DEBUG:colcon.colcon_core.shell:Skip shell extension 'dsv' for command environment
[0.180s] DEBUG:colcon.colcon_core.event_handler.log_command:Invoking command in '/home/amirmahdi/Mothari_robotics/Robotic_prac1/build/prac1_robot_description': CMAKE_PREFIX_PATH=/opt/ros/humble /usr/bin/cmake /home/amirmahdi/Mothari_robotics/Robotic_prac1/prac1_robot_description -DCMAKE_INSTALL_PREFIX=/home/amirmahdi/Mothari_robotics/Robotic_prac1/install/prac1_robot_description
[0.182s] DEBUG:colcon.colcon_core.event_handler.log_command:Invoking command in '/home/amirmahdi/Mothari_robotics/Robotic_prac1/build/robot_estimation': CMAKE_PREFIX_PATH=/opt/ros/humble /usr/bin/cmake /home/amirmahdi/Mothari_robotics/Robotic_prac1/robot_estimation -DCMAKE_INSTALL_PREFIX=/home/amirmahdi/Mothari_robotics/Robotic_prac1/install/robot_estimation
[0.931s] DEBUG:colcon.colcon_core.event_handler.log_command:Invoked command in '/home/amirmahdi/Mothari_robotics/Robotic_prac1/build/prac1_robot_description' returned '0': CMAKE_PREFIX_PATH=/opt/ros/humble /usr/bin/cmake /home/amirmahdi/Mothari_robotics/Robotic_prac1/prac1_robot_description -DCMAKE_INSTALL_PREFIX=/home/amirmahdi/Mothari_robotics/Robotic_prac1/install/prac1_robot_description
[0.933s] DEBUG:colcon.colcon_core.event_handler.log_command:Invoking command in '/home/amirmahdi/Mothari_robotics/Robotic_prac1/build/prac1_robot_description': CMAKE_PREFIX_PATH=/opt/ros/humble /usr/bin/cmake --build /home/amirmahdi/Mothari_robotics/Robotic_prac1/build/prac1_robot_description -- -j20 -l20
[0.949s] DEBUG:colcon.colcon_core.event_handler.log_command:Invoked command in '/home/amirmahdi/Mothari_robotics/Robotic_prac1/build/robot_estimation' returned '0': CMAKE_PREFIX_PATH=/opt/ros/humble /usr/bin/cmake /home/amirmahdi/Mothari_robotics/Robotic_prac1/robot_estimation -DCMAKE_INSTALL_PREFIX=/home/amirmahdi/Mothari_robotics/Robotic_prac1/install/robot_estimation
[0.949s] DEBUG:colcon.colcon_core.event_handler.log_command:Invoking command in '/home/amirmahdi/Mothari_robotics/Robotic_prac1/build/robot_estimation': CMAKE_PREFIX_PATH=/opt/ros/humble /usr/bin/cmake --build /home/amirmahdi/Mothari_robotics/Robotic_prac1/build/robot_estimation -- -j20 -l20
[6.627s] DEBUG:colcon.colcon_core.event_handler.log_command:Invoked command in '/home/amirmahdi/Mothari_robotics/Robotic_prac1/build/prac1_robot_description' returned '0': CMAKE_PREFIX_PATH=/opt/ros/humble /usr/bin/cmake --build /home/amirmahdi/Mothari_robotics/Robotic_prac1/build/prac1_robot_description -- -j20 -l20
[6.634s] DEBUG:colcon.colcon_core.event_handler.log_command:Invoking command in '/home/amirmahdi/Mothari_robotics/Robotic_prac1/build/prac1_robot_description': CMAKE_PREFIX_PATH=/opt/ros/humble /usr/bin/cmake --install /home/amirmahdi/Mothari_robotics/Robotic_prac1/build/prac1_robot_description
[6.643s] Level 1:colcon.colcon_core.environment:create_environment_scripts_only(prac1_robot_description)
[6.644s] DEBUG:colcon.colcon_core.event_handler.log_command:Invoked command in '/home/amirmahdi/Mothari_robotics/Robotic_prac1/build/prac1_robot_description' returned '0': CMAKE_PREFIX_PATH=/opt/ros/humble /usr/bin/cmake --install /home/amirmahdi/Mothari_robotics/Robotic_prac1/build/prac1_robot_description
[6.646s] Level 1:colcon.colcon_core.environment:checking '/home/amirmahdi/Mothari_robotics/Robotic_prac1/install/prac1_robot_description' for CMake module files
[6.646s] Level 1:colcon.colcon_core.environment:checking '/home/amirmahdi/Mothari_robotics/Robotic_prac1/install/prac1_robot_description' for CMake config files
[6.646s] Level 1:colcon.colcon_core.shell:create_environment_hook('prac1_robot_description', 'cmake_prefix_path')
[6.646s] INFO:colcon.colcon_core.shell:Creating environment hook '/home/amirmahdi/Mothari_robotics/Robotic_prac1/install/prac1_robot_description/share/prac1_robot_description/hook/cmake_prefix_path.ps1'
[6.647s] INFO:colcon.colcon_core.shell:Creating environment descriptor '/home/amirmahdi/Mothari_robotics/Robotic_prac1/install/prac1_robot_description/share/prac1_robot_description/hook/cmake_prefix_path.dsv'
[6.647s] INFO:colcon.colcon_core.shell:Creating environment hook '/home/amirmahdi/Mothari_robotics/Robotic_prac1/install/prac1_robot_description/share/prac1_robot_description/hook/cmake_prefix_path.sh'
[6.648s] Level 1:colcon.colcon_core.environment:checking '/home/amirmahdi/Mothari_robotics/Robotic_prac1/install/prac1_robot_description/lib'
[6.648s] Level 1:colcon.colcon_core.environment:checking '/home/amirmahdi/Mothari_robotics/Robotic_prac1/install/prac1_robot_description/bin'
[6.648s] Level 1:colcon.colcon_core.environment:checking '/home/amirmahdi/Mothari_robotics/Robotic_prac1/install/prac1_robot_description/lib/pkgconfig/prac1_robot_description.pc'
[6.648s] Level 1:colcon.colcon_core.environment:checking '/home/amirmahdi/Mothari_robotics/Robotic_prac1/install/prac1_robot_description/lib/python3.10/site-packages'
[6.648s] Level 1:colcon.colcon_core.environment:checking '/home/amirmahdi/Mothari_robotics/Robotic_prac1/install/prac1_robot_description/bin'
[6.648s] INFO:colcon.colcon_core.shell:Creating package script '/home/amirmahdi/Mothari_robotics/Robotic_prac1/install/prac1_robot_description/share/prac1_robot_description/package.ps1'
[6.649s] INFO:colcon.colcon_core.shell:Creating package descriptor '/home/amirmahdi/Mothari_robotics/Robotic_prac1/install/prac1_robot_description/share/prac1_robot_description/package.dsv'
[6.649s] INFO:colcon.colcon_core.shell:Creating package script '/home/amirmahdi/Mothari_robotics/Robotic_prac1/install/prac1_robot_description/share/prac1_robot_description/package.sh'
[6.649s] INFO:colcon.colcon_core.shell:Creating package script '/home/amirmahdi/Mothari_robotics/Robotic_prac1/install/prac1_robot_description/share/prac1_robot_description/package.bash'
[6.650s] INFO:colcon.colcon_core.shell:Creating package script '/home/amirmahdi/Mothari_robotics/Robotic_prac1/install/prac1_robot_description/share/prac1_robot_description/package.zsh'
[6.650s] Level 1:colcon.colcon_core.environment:create_file_with_runtime_dependencies(/home/amirmahdi/Mothari_robotics/Robotic_prac1/install/prac1_robot_description/share/colcon-core/packages/prac1_robot_description)
[6.650s] Level 1:colcon.colcon_core.environment:create_environment_scripts_only(prac1_robot_description)
[6.651s] Level 1:colcon.colcon_core.environment:checking '/home/amirmahdi/Mothari_robotics/Robotic_prac1/install/prac1_robot_description' for CMake module files
[6.651s] Level 1:colcon.colcon_core.environment:checking '/home/amirmahdi/Mothari_robotics/Robotic_prac1/install/prac1_robot_description' for CMake config files
[6.651s] Level 1:colcon.colcon_core.shell:create_environment_hook('prac1_robot_description', 'cmake_prefix_path')
[6.651s] INFO:colcon.colcon_core.shell:Creating environment hook '/home/amirmahdi/Mothari_robotics/Robotic_prac1/install/prac1_robot_description/share/prac1_robot_description/hook/cmake_prefix_path.ps1'
[6.651s] INFO:colcon.colcon_core.shell:Creating environment descriptor '/home/amirmahdi/Mothari_robotics/Robotic_prac1/install/prac1_robot_description/share/prac1_robot_description/hook/cmake_prefix_path.dsv'
[6.651s] INFO:colcon.colcon_core.shell:Creating environment hook '/home/amirmahdi/Mothari_robotics/Robotic_prac1/install/prac1_robot_description/share/prac1_robot_description/hook/cmake_prefix_path.sh'
[6.652s] Level 1:colcon.colcon_core.environment:checking '/home/amirmahdi/Mothari_robotics/Robotic_prac1/install/prac1_robot_description/lib'
[6.652s] Level 1:colcon.colcon_core.environment:checking '/home/amirmahdi/Mothari_robotics/Robotic_prac1/install/prac1_robot_description/bin'
[6.652s] Level 1:colcon.colcon_core.environment:checking '/home/amirmahdi/Mothari_robotics/Robotic_prac1/install/prac1_robot_description/lib/pkgconfig/prac1_robot_description.pc'
[6.652s] Level 1:colcon.colcon_core.environment:checking '/home/amirmahdi/Mothari_robotics/Robotic_prac1/install/prac1_robot_description/lib/python3.10/site-packages'
[6.652s] Level 1:colcon.colcon_core.environment:checking '/home/amirmahdi/Mothari_robotics/Robotic_prac1/install/prac1_robot_description/bin'
[6.652s] INFO:colcon.colcon_core.shell:Creating package script '/home/amirmahdi/Mothari_robotics/Robotic_prac1/install/prac1_robot_description/share/prac1_robot_description/package.ps1'
[6.653s] INFO:colcon.colcon_core.shell:Creating package descriptor '/home/amirmahdi/Mothari_robotics/Robotic_prac1/install/prac1_robot_description/share/prac1_robot_description/package.dsv'
[6.653s] INFO:colcon.colcon_core.shell:Creating package script '/home/amirmahdi/Mothari_robotics/Robotic_prac1/install/prac1_robot_description/share/prac1_robot_description/package.sh'
[6.653s] INFO:colcon.colcon_core.shell:Creating package script '/home/amirmahdi/Mothari_robotics/Robotic_prac1/install/prac1_robot_description/share/prac1_robot_description/package.bash'
[6.653s] INFO:colcon.colcon_core.shell:Creating package script '/home/amirmahdi/Mothari_robotics/Robotic_prac1/install/prac1_robot_description/share/prac1_robot_description/package.zsh'
[6.653s] Level 1:colcon.colcon_core.environment:create_file_with_runtime_dependencies(/home/amirmahdi/Mothari_robotics/Robotic_prac1/install/prac1_robot_description/share/colcon-core/packages/prac1_robot_description)
[9.563s] DEBUG:colcon.colcon_core.event_handler.log_command:Invoked command in '/home/amirmahdi/Mothari_robotics/Robotic_prac1/build/robot_estimation' returned '0': CMAKE_PREFIX_PATH=/opt/ros/humble /usr/bin/cmake --build /home/amirmahdi/Mothari_robotics/Robotic_prac1/build/robot_estimation -- -j20 -l20
[9.565s] DEBUG:colcon.colcon_core.event_handler.log_command:Invoking command in '/home/amirmahdi/Mothari_robotics/Robotic_prac1/build/robot_estimation': CMAKE_PREFIX_PATH=/opt/ros/humble /usr/bin/cmake --install /home/amirmahdi/Mothari_robotics/Robotic_prac1/build/robot_estimation
[9.582s] Level 1:colcon.colcon_core.environment:create_environment_scripts_only(robot_estimation)
[9.582s] Level 1:colcon.colcon_core.environment:checking '/home/amirmahdi/Mothari_robotics/Robotic_prac1/install/robot_estimation' for CMake module files
[9.582s] DEBUG:colcon.colcon_core.event_handler.log_command:Invoked command in '/home/amirmahdi/Mothari_robotics/Robotic_prac1/build/robot_estimation' returned '0': CMAKE_PREFIX_PATH=/opt/ros/humble /usr/bin/cmake --install /home/amirmahdi/Mothari_robotics/Robotic_prac1/build/robot_estimation
[9.582s] Level 1:colcon.colcon_core.environment:checking '/home/amirmahdi/Mothari_robotics/Robotic_prac1/install/robot_estimation' for CMake config files
[9.582s] Level 1:colcon.colcon_core.shell:create_environment_hook('robot_estimation', 'cmake_prefix_path')
[9.583s] INFO:colcon.colcon_core.shell:Creating environment hook '/home/amirmahdi/Mothari_robotics/Robotic_prac1/install/robot_estimation/share/robot_estimation/hook/cmake_prefix_path.ps1'
[9.583s] INFO:colcon.colcon_core.shell:Creating environment descriptor '/home/amirmahdi/Mothari_robotics/Robotic_prac1/install/robot_estimation/share/robot_estimation/hook/cmake_prefix_path.dsv'
[9.583s] INFO:colcon.colcon_core.shell:Creating environment hook '/home/amirmahdi/Mothari_robotics/Robotic_prac1/install/robot_estimation/share/robot_estimation/hook/cmake_prefix_path.sh'
[9.583s] Level 1:colcon.colcon_core.environment:checking '/home/amirmahdi/Mothari_robotics/Robotic_prac1/install/robot_estimation/lib'
[9.583s] Level 1:colcon.colcon_core.environment:checking '/home/amirmahdi/Mothari_robotics/Robotic_prac1/install/robot_estimation/bin'
[9.583s] Level 1:colcon.colcon_core.environment:checking '/home/amirmahdi/Mothari_robotics/Robotic_prac1/install/robot_estimation/lib/pkgconfig/robot_estimation.pc'
[9.583s] Level 1:colcon.colcon_core.environment:checking '/home/amirmahdi/Mothari_robotics/Robotic_prac1/install/robot_estimation/lib/python3.10/site-packages'
[9.584s] Level 1:colcon.colcon_core.environment:checking '/home/amirmahdi/Mothari_robotics/Robotic_prac1/install/robot_estimation/bin'
[9.584s] INFO:colcon.colcon_core.shell:Creating package script '/home/amirmahdi/Mothari_robotics/Robotic_prac1/install/robot_estimation/share/robot_estimation/package.ps1'
[9.584s] INFO:colcon.colcon_core.shell:Creating package descriptor '/home/amirmahdi/Mothari_robotics/Robotic_prac1/install/robot_estimation/share/robot_estimation/package.dsv'
[9.584s] INFO:colcon.colcon_core.shell:Creating package script '/home/amirmahdi/Mothari_robotics/Robotic_prac1/install/robot_estimation/share/robot_estimation/package.sh'
[9.584s] INFO:colcon.colcon_core.shell:Creating package script '/home/amirmahdi/Mothari_robotics/Robotic_prac1/install/robot_estimation/share/robot_estimation/package.bash'
[9.585s] INFO:colcon.colcon_core.shell:Creating package script '/home/amirmahdi/Mothari_robotics/Robotic_prac1/install/robot_estimation/share/robot_estimation/package.zsh'
[9.585s] Level 1:colcon.colcon_core.environment:create_file_with_runtime_dependencies(/home/amirmahdi/Mothari_robotics/Robotic_prac1/install/robot_estimation/share/colcon-core/packages/robot_estimation)
[9.585s] Level 1:colcon.colcon_core.environment:create_environment_scripts_only(robot_estimation)
[9.585s] Level 1:colcon.colcon_core.environment:checking '/home/amirmahdi/Mothari_robotics/Robotic_prac1/install/robot_estimation' for CMake module files
[9.585s] Level 1:colcon.colcon_core.environment:checking '/home/amirmahdi/Mothari_robotics/Robotic_prac1/install/robot_estimation' for CMake config files
[9.585s] Level 1:colcon.colcon_core.shell:create_environment_hook('robot_estimation', 'cmake_prefix_path')
[9.585s] INFO:colcon.colcon_core.shell:Creating environment hook '/home/amirmahdi/Mothari_robotics/Robotic_prac1/install/robot_estimation/share/robot_estimation/hook/cmake_prefix_path.ps1'
[9.586s] INFO:colcon.colcon_core.shell:Creating environment descriptor '/home/amirmahdi/Mothari_robotics/Robotic_prac1/install/robot_estimation/share/robot_estimation/hook/cmake_prefix_path.dsv'
[9.586s] INFO:colcon.colcon_core.shell:Creating environment hook '/home/amirmahdi/Mothari_robotics/Robotic_prac1/install/robot_estimation/share/robot_estimation/hook/cmake_prefix_path.sh'
[9.586s] Level 1:colcon.colcon_core.environment:checking '/home/amirmahdi/Mothari_robotics/Robotic_prac1/install/robot_estimation/lib'
[9.586s] Level 1:colcon.colcon_core.environment:checking '/home/amirmahdi/Mothari_robotics/Robotic_prac1/install/robot_estimation/bin'
[9.586s] Level 1:colcon.colcon_core.environment:checking '/home/amirmahdi/Mothari_robotics/Robotic_prac1/install/robot_estimation/lib/pkgconfig/robot_estimation.pc'
[9.586s] Level 1:colcon.colcon_core.environment:checking '/home/amirmahdi/Mothari_robotics/Robotic_prac1/install/robot_estimation/lib/python3.10/site-packages'
[9.586s] Level 1:colcon.colcon_core.environment:checking '/home/amirmahdi/Mothari_robotics/Robotic_prac1/install/robot_estimation/bin'
[9.586s] INFO:colcon.colcon_core.shell:Creating package script '/home/amirmahdi/Mothari_robotics/Robotic_prac1/install/robot_estimation/share/robot_estimation/package.ps1'
[9.587s] INFO:colcon.colcon_core.shell:Creating package descriptor '/home/amirmahdi/Mothari_robotics/Robotic_prac1/install/robot_estimation/share/robot_estimation/package.dsv'
[9.587s] INFO:colcon.colcon_core.shell:Creating package script '/home/amirmahdi/Mothari_robotics/Robotic_prac1/install/robot_estimation/share/robot_estimation/package.sh'
[9.587s] INFO:colcon.colcon_core.shell:Creating package script '/home/amirmahdi/Mothari_robotics/Robotic_prac1/install/robot_estimation/share/robot_estimation/package.bash'
[9.587s] INFO:colcon.colcon_core.shell:Creating package script '/home/amirmahdi/Mothari_robotics/Robotic_prac1/install/robot_estimation/share/robot_estimation/package.zsh'
[9.587s] Level 1:colcon.colcon_core.environment:create_file_with_runtime_dependencies(/home/amirmahdi/Mothari_robotics/Robotic_prac1/install/robot_estimation/share/colcon-core/packages/robot_estimation)
[9.587s] DEBUG:colcon.colcon_parallel_executor.executor.parallel:closing loop
[9.587s] DEBUG:colcon.colcon_parallel_executor.executor.parallel:loop closed
[9.588s] DEBUG:colcon.colcon_parallel_executor.executor.parallel:run_until_complete finished with '0'
[9.588s] DEBUG:colcon.colcon_core.event_reactor:joining thread
[9.591s] INFO:colcon.colcon_core.plugin_system:Skipping extension 'colcon_notification.desktop_notification.terminal_notifier': Not used on non-Darwin systems
[9.591s] INFO:colcon.colcon_core.plugin_system:Skipping extension 'colcon_notification.desktop_notification.win32': Not used on non-Windows systems
[9.591s] INFO:colcon.colcon_notification.desktop_notification:Sending desktop notification using 'notify2'
[9.598s] DEBUG:colcon.colcon_core.event_reactor:joined thread
[9.598s] INFO:colcon.colcon_core.shell:Creating prefix script '/home/amirmahdi/Mothari_robotics/Robotic_prac1/install/local_setup.ps1'
[9.598s] INFO:colcon.colcon_core.shell:Creating prefix util module '/home/amirmahdi/Mothari_robotics/Robotic_prac1/install/_local_setup_util_ps1.py'
[9.599s] INFO:colcon.colcon_core.shell:Creating prefix chain script '/home/amirmahdi/Mothari_robotics/Robotic_prac1/install/setup.ps1'
[9.599s] INFO:colcon.colcon_core.shell:Creating prefix script '/home/amirmahdi/Mothari_robotics/Robotic_prac1/install/local_setup.sh'
[9.600s] INFO:colcon.colcon_core.shell:Creating prefix util module '/home/amirmahdi/Mothari_robotics/Robotic_prac1/install/_local_setup_util_sh.py'
[9.600s] INFO:colcon.colcon_core.shell:Creating prefix chain script '/home/amirmahdi/Mothari_robotics/Robotic_prac1/install/setup.sh'
[9.600s] INFO:colcon.colcon_core.shell:Creating prefix script '/home/amirmahdi/Mothari_robotics/Robotic_prac1/install/local_setup.bash'
[9.601s] INFO:colcon.colcon_core.shell:Creating prefix chain script '/home/amirmahdi/Mothari_robotics/Robotic_prac1/install/setup.bash'
[9.601s] INFO:colcon.colcon_core.shell:Creating prefix script '/home/amirmahdi/Mothari_robotics/Robotic_prac1/install/local_setup.zsh'
[9.601s] INFO:colcon.colcon_core.shell:Creating prefix chain script '/home/amirmahdi/Mothari_robotics/Robotic_prac1/install/setup.zsh'
