[ 16%] Built target motor_rpm_node
[ 33%] Built target cmd_vel_to_rpm
[ 50%] Built target complementary_orientation_node
[ 66%] Built target imu_bias_correction_node
[ 75%] [32mBuilding CXX object CMakeFiles/wheel_odometry_node.dir/src/wheel_odometry_node.cpp.o[0m
[ 91%] Built target lowpass_imu_node
[100%] [32m[1mLinking CXX executable wheel_odometry_node[0m
[100%] Built target wheel_odometry_node
-- Install configuration: ""
-- Up-to-date: /home/amirmahdi/Mothari_robotics/Robotic_prac1/install/robot_estimation/lib/robot_estimation/imu_bias_correction_node
-- Up-to-date: /home/amirmahdi/Mothari_robotics/Robotic_prac1/install/robot_estimation/lib/robot_estimation/lowpass_imu_node
-- Up-to-date: /home/amirmahdi/Mothari_robotics/Robotic_prac1/install/robot_estimation/lib/robot_estimation/complementary_orientation_node
-- Up-to-date: /home/amirmahdi/Mothari_robotics/Robotic_prac1/install/robot_estimation/lib/robot_estimation/motor_rpm_node
-- Up-to-date: /home/amirmahdi/Mothari_robotics/Robotic_prac1/install/robot_estimation/lib/robot_estimation/cmd_vel_to_rpm
-- Installing: /home/amirmahdi/Mothari_robotics/Robotic_prac1/install/robot_estimation/lib/robot_estimation/wheel_odometry_node
-- Set runtime path of "/home/amirmahdi/Mothari_robotics/Robotic_prac1/install/robot_estimation/lib/robot_estimation/wheel_odometry_node" to ""
-- Up-to-date: /home/amirmahdi/Mothari_robotics/Robotic_prac1/install/robot_estimation/share/robot_estimation/launch
-- Up-to-date: /home/amirmahdi/Mothari_robotics/Robotic_prac1/install/robot_estimation/share/robot_estimation/launch/estimation.launch.py
-- Up-to-date: /home/amirmahdi/Mothari_robotics/Robotic_prac1/install/robot_estimation/share/ament_index/resource_index/package_run_dependencies/robot_estimation
-- Up-to-date: /home/amirmahdi/Mothari_robotics/Robotic_prac1/install/robot_estimation/share/ament_index/resource_index/parent_prefix_path/robot_estimation
-- Up-to-date: /home/amirmahdi/Mothari_robotics/Robotic_prac1/install/robot_estimation/share/robot_estimation/environment/ament_prefix_path.sh
-- Up-to-date: /home/amirmahdi/Mothari_robotics/Robotic_prac1/install/robot_estimation/share/robot_estimation/environment/ament_prefix_path.dsv
-- Up-to-date: /home/amirmahdi/Mothari_robotics/Robotic_prac1/install/robot_estimation/share/robot_estimation/environment/path.sh
-- Up-to-date: /home/amirmahdi/Mothari_robotics/Robotic_prac1/install/robot_estimation/share/robot_estimation/environment/path.dsv
-- Up-to-date: /home/amirmahdi/Mothari_robotics/Robotic_prac1/install/robot_estimation/share/robot_estimation/local_setup.bash
-- Up-to-date: /home/amirmahdi/Mothari_robotics/Robotic_prac1/install/robot_estimation/share/robot_estimation/local_setup.sh
-- Up-to-date: /home/amirmahdi/Mothari_robotics/Robotic_prac1/install/robot_estimation/share/robot_estimation/local_setup.zsh
-- Up-to-date: /home/amirmahdi/Mothari_robotics/Robotic_prac1/install/robot_estimation/share/robot_estimation/local_setup.dsv
-- Installing: /home/amirmahdi/Mothari_robotics/Robotic_prac1/install/robot_estimation/share/robot_estimation/package.dsv
-- Up-to-date: /home/amirmahdi/Mothari_robotics/Robotic_prac1/install/robot_estimation/share/ament_index/resource_index/packages/robot_estimation
-- Up-to-date: /home/amirmahdi/Mothari_robotics/Robotic_prac1/install/robot_estimation/share/robot_estimation/cmake/robot_estimationConfig.cmake
-- Up-to-date: /home/amirmahdi/Mothari_robotics/Robotic_prac1/install/robot_estimation/share/robot_estimation/cmake/robot_estimationConfig-version.cmake
-- Up-to-date: /home/amirmahdi/Mothari_robotics/Robotic_prac1/install/robot_estimation/share/robot_estimation/package.xml
