[0.006s] Invoking command in '/home/amirmahdi/Mothari_robotics/Robotic_prac1/build/robot_estimation': CMAKE_PREFIX_PATH=${CMAKE_PREFIX_PATH}:/opt/ros/humble /usr/bin/cmake --build /home/amirmahdi/Mothari_robotics/Robotic_prac1/build/robot_estimation -- -j20 -l20
[0.046s] [ 16%] Built target motor_rpm_node
[0.046s] [ 33%] Built target cmd_vel_to_rpm
[0.047s] [ 50%] Built target complementary_orientation_node
[0.047s] [ 66%] Built target imu_bias_correction_node
[0.047s] [ 75%] [32mBuilding CXX object CMakeFiles/wheel_odometry_node.dir/src/wheel_odometry_node.cpp.o[0m
[0.049s] [ 91%] Built target lowpass_imu_node
[4.405s] [100%] [32m[1mLinking CXX executable wheel_odometry_node[0m
[4.642s] [100%] Built target wheel_odometry_node
[4.651s] Invoked command in '/home/amirmahdi/Mothari_robotics/Robotic_prac1/build/robot_estimation' returned '0': CMAKE_PREFIX_PATH=${CMAKE_PREFIX_PATH}:/opt/ros/humble /usr/bin/cmake --build /home/amirmahdi/Mothari_robotics/Robotic_prac1/build/robot_estimation -- -j20 -l20
[4.652s] Invoking command in '/home/amirmahdi/Mothari_robotics/Robotic_prac1/build/robot_estimation': CMAKE_PREFIX_PATH=${CMAKE_PREFIX_PATH}:/opt/ros/humble /usr/bin/cmake --install /home/amirmahdi/Mothari_robotics/Robotic_prac1/build/robot_estimation
[4.656s] -- Install configuration: ""
[4.656s] -- Up-to-date: /home/amirmahdi/Mothari_robotics/Robotic_prac1/install/robot_estimation/lib/robot_estimation/imu_bias_correction_node
[4.656s] -- Up-to-date: /home/amirmahdi/Mothari_robotics/Robotic_prac1/install/robot_estimation/lib/robot_estimation/lowpass_imu_node
[4.656s] -- Up-to-date: /home/amirmahdi/Mothari_robotics/Robotic_prac1/install/robot_estimation/lib/robot_estimation/complementary_orientation_node
[4.656s] -- Up-to-date: /home/amirmahdi/Mothari_robotics/Robotic_prac1/install/robot_estimation/lib/robot_estimation/motor_rpm_node
[4.656s] -- Up-to-date: /home/amirmahdi/Mothari_robotics/Robotic_prac1/install/robot_estimation/lib/robot_estimation/cmd_vel_to_rpm
[4.656s] -- Installing: /home/amirmahdi/Mothari_robotics/Robotic_prac1/install/robot_estimation/lib/robot_estimation/wheel_odometry_node
[4.658s] -- Set runtime path of "/home/amirmahdi/Mothari_robotics/Robotic_prac1/install/robot_estimation/lib/robot_estimation/wheel_odometry_node" to ""
[4.658s] -- Up-to-date: /home/amirmahdi/Mothari_robotics/Robotic_prac1/install/robot_estimation/share/robot_estimation/launch
[4.659s] -- Up-to-date: /home/amirmahdi/Mothari_robotics/Robotic_prac1/install/robot_estimation/share/robot_estimation/launch/estimation.launch.py
[4.659s] -- Up-to-date: /home/amirmahdi/Mothari_robotics/Robotic_prac1/install/robot_estimation/share/ament_index/resource_index/package_run_dependencies/robot_estimation
[4.659s] -- Up-to-date: /home/amirmahdi/Mothari_robotics/Robotic_prac1/install/robot_estimation/share/ament_index/resource_index/parent_prefix_path/robot_estimation
[4.659s] -- Up-to-date: /home/amirmahdi/Mothari_robotics/Robotic_prac1/install/robot_estimation/share/robot_estimation/environment/ament_prefix_path.sh
[4.659s] -- Up-to-date: /home/amirmahdi/Mothari_robotics/Robotic_prac1/install/robot_estimation/share/robot_estimation/environment/ament_prefix_path.dsv
[4.659s] -- Up-to-date: /home/amirmahdi/Mothari_robotics/Robotic_prac1/install/robot_estimation/share/robot_estimation/environment/path.sh
[4.659s] -- Up-to-date: /home/amirmahdi/Mothari_robotics/Robotic_prac1/install/robot_estimation/share/robot_estimation/environment/path.dsv
[4.659s] -- Up-to-date: /home/amirmahdi/Mothari_robotics/Robotic_prac1/install/robot_estimation/share/robot_estimation/local_setup.bash
[4.659s] -- Up-to-date: /home/amirmahdi/Mothari_robotics/Robotic_prac1/install/robot_estimation/share/robot_estimation/local_setup.sh
[4.659s] -- Up-to-date: /home/amirmahdi/Mothari_robotics/Robotic_prac1/install/robot_estimation/share/robot_estimation/local_setup.zsh
[4.659s] -- Up-to-date: /home/amirmahdi/Mothari_robotics/Robotic_prac1/install/robot_estimation/share/robot_estimation/local_setup.dsv
[4.659s] -- Installing: /home/amirmahdi/Mothari_robotics/Robotic_prac1/install/robot_estimation/share/robot_estimation/package.dsv
[4.659s] -- Up-to-date: /home/amirmahdi/Mothari_robotics/Robotic_prac1/install/robot_estimation/share/ament_index/resource_index/packages/robot_estimation
[4.659s] -- Up-to-date: /home/amirmahdi/Mothari_robotics/Robotic_prac1/install/robot_estimation/share/robot_estimation/cmake/robot_estimationConfig.cmake
[4.659s] -- Up-to-date: /home/amirmahdi/Mothari_robotics/Robotic_prac1/install/robot_estimation/share/robot_estimation/cmake/robot_estimationConfig-version.cmake
[4.659s] -- Up-to-date: /home/amirmahdi/Mothari_robotics/Robotic_prac1/install/robot_estimation/share/robot_estimation/package.xml
[4.660s] Invoked command in '/home/amirmahdi/Mothari_robotics/Robotic_prac1/build/robot_estimation' returned '0': CMAKE_PREFIX_PATH=${CMAKE_PREFIX_PATH}:/opt/ros/humble /usr/bin/cmake --install /home/amirmahdi/Mothari_robotics/Robotic_prac1/build/robot_estimation
