[0.007s] Invoking command in '/home/amirmahdi/Mothari_robotics/Robotic_prac1/build/robot_estimation': CMAKE_PREFIX_PATH=${CMAKE_PREFIX_PATH}:/opt/ros/humble /usr/bin/cmake --build /home/amirmahdi/Mothari_robotics/Robotic_prac1/build/robot_estimation -- -j20 -l20
[0.035s] [35m[1mConsolidate compiler generated dependencies of target motor_rpm_node[0m
[0.035s] [35m[1mConsolidate compiler generated dependencies of target cmd_vel_to_rpm[0m
[0.036s] [35m[1mConsolidate compiler generated dependencies of target imu_motion_odom_node[0m
[0.036s] [35m[1mConsolidate compiler generated dependencies of target lowpass_imu_node[0m
[0.037s] [35m[1mConsolidate compiler generated dependencies of target imu_bias_correction_node[0m
[0.039s] [35m[1mConsolidate compiler generated dependencies of target complementary_orientation_node[0m
[0.051s] [ 16%] Built target lowpass_imu_node
[0.051s] [ 33%] Built target cmd_vel_to_rpm
[0.053s] [ 50%] Built target motor_rpm_node
[0.054s] [ 66%] Built target complementary_orientation_node
[0.054s] [ 83%] Built target imu_bias_correction_node
[0.056s] [ 91%] [32mBuilding CXX object CMakeFiles/imu_motion_odom_node.dir/src/imu_motion_odom_node.cpp.o[0m
[7.571s] [100%] [32m[1mLinking CXX executable imu_motion_odom_node[0m
[7.968s] [100%] Built target imu_motion_odom_node
[7.976s] Invoked command in '/home/amirmahdi/Mothari_robotics/Robotic_prac1/build/robot_estimation' returned '0': CMAKE_PREFIX_PATH=${CMAKE_PREFIX_PATH}:/opt/ros/humble /usr/bin/cmake --build /home/amirmahdi/Mothari_robotics/Robotic_prac1/build/robot_estimation -- -j20 -l20
[7.977s] Invoking command in '/home/amirmahdi/Mothari_robotics/Robotic_prac1/build/robot_estimation': CMAKE_PREFIX_PATH=${CMAKE_PREFIX_PATH}:/opt/ros/humble /usr/bin/cmake --install /home/amirmahdi/Mothari_robotics/Robotic_prac1/build/robot_estimation
[7.982s] -- Install configuration: ""
[7.982s] -- Installing: /home/amirmahdi/Mothari_robotics/Robotic_prac1/install/robot_estimation/lib/robot_estimation/imu_motion_odom_node
[7.986s] -- Set runtime path of "/home/amirmahdi/Mothari_robotics/Robotic_prac1/install/robot_estimation/lib/robot_estimation/imu_motion_odom_node" to ""
[7.986s] -- Up-to-date: /home/amirmahdi/Mothari_robotics/Robotic_prac1/install/robot_estimation/lib/robot_estimation/imu_bias_correction_node
[7.986s] -- Up-to-date: /home/amirmahdi/Mothari_robotics/Robotic_prac1/install/robot_estimation/lib/robot_estimation/lowpass_imu_node
[7.986s] -- Up-to-date: /home/amirmahdi/Mothari_robotics/Robotic_prac1/install/robot_estimation/lib/robot_estimation/complementary_orientation_node
[7.986s] -- Up-to-date: /home/amirmahdi/Mothari_robotics/Robotic_prac1/install/robot_estimation/lib/robot_estimation/motor_rpm_node
[7.986s] -- Up-to-date: /home/amirmahdi/Mothari_robotics/Robotic_prac1/install/robot_estimation/lib/robot_estimation/cmd_vel_to_rpm
[7.986s] -- Up-to-date: /home/amirmahdi/Mothari_robotics/Robotic_prac1/install/robot_estimation/share/robot_estimation/launch
[7.986s] -- Up-to-date: /home/amirmahdi/Mothari_robotics/Robotic_prac1/install/robot_estimation/share/robot_estimation/launch/estimation.launch.py
[7.986s] -- Up-to-date: /home/amirmahdi/Mothari_robotics/Robotic_prac1/install/robot_estimation/share/ament_index/resource_index/package_run_dependencies/robot_estimation
[7.986s] -- Up-to-date: /home/amirmahdi/Mothari_robotics/Robotic_prac1/install/robot_estimation/share/ament_index/resource_index/parent_prefix_path/robot_estimation
[7.986s] -- Up-to-date: /home/amirmahdi/Mothari_robotics/Robotic_prac1/install/robot_estimation/share/robot_estimation/environment/ament_prefix_path.sh
[7.986s] -- Up-to-date: /home/amirmahdi/Mothari_robotics/Robotic_prac1/install/robot_estimation/share/robot_estimation/environment/ament_prefix_path.dsv
[7.986s] -- Up-to-date: /home/amirmahdi/Mothari_robotics/Robotic_prac1/install/robot_estimation/share/robot_estimation/environment/path.sh
[7.986s] -- Up-to-date: /home/amirmahdi/Mothari_robotics/Robotic_prac1/install/robot_estimation/share/robot_estimation/environment/path.dsv
[7.987s] -- Up-to-date: /home/amirmahdi/Mothari_robotics/Robotic_prac1/install/robot_estimation/share/robot_estimation/local_setup.bash
[7.987s] -- Up-to-date: /home/amirmahdi/Mothari_robotics/Robotic_prac1/install/robot_estimation/share/robot_estimation/local_setup.sh
[7.987s] -- Up-to-date: /home/amirmahdi/Mothari_robotics/Robotic_prac1/install/robot_estimation/share/robot_estimation/local_setup.zsh
[7.987s] -- Up-to-date: /home/amirmahdi/Mothari_robotics/Robotic_prac1/install/robot_estimation/share/robot_estimation/local_setup.dsv
[7.987s] -- Installing: /home/amirmahdi/Mothari_robotics/Robotic_prac1/install/robot_estimation/share/robot_estimation/package.dsv
[7.987s] -- Up-to-date: /home/amirmahdi/Mothari_robotics/Robotic_prac1/install/robot_estimation/share/ament_index/resource_index/packages/robot_estimation
[7.987s] -- Up-to-date: /home/amirmahdi/Mothari_robotics/Robotic_prac1/install/robot_estimation/share/robot_estimation/cmake/robot_estimationConfig.cmake
[7.987s] -- Up-to-date: /home/amirmahdi/Mothari_robotics/Robotic_prac1/install/robot_estimation/share/robot_estimation/cmake/robot_estimationConfig-version.cmake
[7.987s] -- Up-to-date: /home/amirmahdi/Mothari_robotics/Robotic_prac1/install/robot_estimation/share/robot_estimation/package.xml
[7.988s] Invoked command in '/home/amirmahdi/Mothari_robotics/Robotic_prac1/build/robot_estimation' returned '0': CMAKE_PREFIX_PATH=${CMAKE_PREFIX_PATH}:/opt/ros/humble /usr/bin/cmake --install /home/amirmahdi/Mothari_robotics/Robotic_prac1/build/robot_estimation
