[0.009s] Invoking command in '/home/amirmahdi/Mothari_robotics/prac1_ws/build/robot_description': CMAKE_PREFIX_PATH=/home/amirmahdi/ros2_ws/install/my_py_pkg:/opt/ros/humble /usr/bin/cmake --build /home/amirmahdi/Mothari_robotics/prac1_ws/build/robot_description -- -j20 -l20
[0.050s] [ 33%] Built target motor_command_node
[0.050s] [ 66%] Built target frame_id_converter_node
[0.051s] [100%] Built target ekf_diff_imu_node
[0.059s] Invoked command in '/home/amirmahdi/Mothari_robotics/prac1_ws/build/robot_description' returned '0': CMAKE_PREFIX_PATH=/home/amirmahdi/ros2_ws/install/my_py_pkg:/opt/ros/humble /usr/bin/cmake --build /home/amirmahdi/Mothari_robotics/prac1_ws/build/robot_description -- -j20 -l20
[0.067s] Invoking command in '/home/amirmahdi/Mothari_robotics/prac1_ws/build/robot_description': CMAKE_PREFIX_PATH=/home/amirmahdi/ros2_ws/install/my_py_pkg:/opt/ros/humble /usr/bin/cmake --install /home/amirmahdi/Mothari_robotics/prac1_ws/build/robot_description
[0.072s] -- Install configuration: ""
[0.072s] -- Up-to-date: /home/amirmahdi/Mothari_robotics/prac1_ws/install/robot_description/share/robot_description/src
[0.072s] -- Up-to-date: /home/amirmahdi/Mothari_robotics/prac1_ws/install/robot_description/share/robot_description/src/description
[0.072s] -- Installing: /home/amirmahdi/Mothari_robotics/prac1_ws/install/robot_description/share/robot_description/src/description/robot.urdf
[0.072s] -- Up-to-date: /home/amirmahdi/Mothari_robotics/prac1_ws/install/robot_description/share/robot_description/src/meshes
[0.072s] -- Up-to-date: /home/amirmahdi/Mothari_robotics/prac1_ws/install/robot_description/share/robot_description/src/meshes/wheel.usd
[0.072s] -- Up-to-date: /home/amirmahdi/Mothari_robotics/prac1_ws/install/robot_description/share/robot_description/src/meshes/wheel.STL
[0.072s] -- Up-to-date: /home/amirmahdi/Mothari_robotics/prac1_ws/install/robot_description/share/robot_description/src/meshes/chasis.STL
[0.072s] -- Up-to-date: /home/amirmahdi/Mothari_robotics/prac1_ws/install/robot_description/share/robot_description/src/meshes/zed.STL
[0.072s] -- Up-to-date: /home/amirmahdi/Mothari_robotics/prac1_ws/install/robot_description/share/robot_description/src/meshes/Rear_Right_Caster_Wheel_Main.STL
[0.072s] -- Up-to-date: /home/amirmahdi/Mothari_robotics/prac1_ws/install/robot_description/share/robot_description/src/meshes/Front_Right_Caster_Wheel_Main.STL
[0.072s] -- Up-to-date: /home/amirmahdi/Mothari_robotics/prac1_ws/install/robot_description/share/robot_description/src/meshes/Front_Left_Caster_Wheel_Main.STL
[0.072s] -- Up-to-date: /home/amirmahdi/Mothari_robotics/prac1_ws/install/robot_description/share/robot_description/src/meshes/Rear_Left_Caster_Wheel_Main.STL
[0.072s] -- Up-to-date: /home/amirmahdi/Mothari_robotics/prac1_ws/install/robot_description/share/robot_description/src/meshes/Rear_Trailing.STL
[0.072s] -- Up-to-date: /home/amirmahdi/Mothari_robotics/prac1_ws/install/robot_description/share/robot_description/launch
[0.072s] -- Up-to-date: /home/amirmahdi/Mothari_robotics/prac1_ws/install/robot_description/share/robot_description/launch/display.launch.py
[0.072s] -- Up-to-date: /home/amirmahdi/Mothari_robotics/prac1_ws/install/robot_description/share/robot_description/launch/gazebo.launch.py
[0.072s] -- Up-to-date: /home/amirmahdi/Mothari_robotics/prac1_ws/install/robot_description/share/robot_description/rviz
[0.072s] -- Up-to-date: /home/amirmahdi/Mothari_robotics/prac1_ws/install/robot_description/share/robot_description/config
[0.072s] -- Up-to-date: /home/amirmahdi/Mothari_robotics/prac1_ws/install/robot_description/share/robot_description/config/gz_bridge.yaml
[0.072s] -- Up-to-date: /home/amirmahdi/Mothari_robotics/prac1_ws/install/robot_description/share/robot_description/world
[0.072s] -- Up-to-date: /home/amirmahdi/Mothari_robotics/prac1_ws/install/robot_description/share/robot_description/world/depot.sdf
[0.073s] -- Up-to-date: /home/amirmahdi/Mothari_robotics/prac1_ws/install/robot_description/share/robot_description/world/test.sdf
[0.073s] -- Up-to-date: /home/amirmahdi/Mothari_robotics/prac1_ws/install/robot_description/share/robot_description/scripts
[0.073s] -- Up-to-date: /home/amirmahdi/Mothari_robotics/prac1_ws/install/robot_description/share/robot_description/scripts/motor_command.cpp
[0.073s] -- Up-to-date: /home/amirmahdi/Mothari_robotics/prac1_ws/install/robot_description/share/robot_description/scripts/ekf_diff_imu.cpp
[0.073s] -- Up-to-date: /home/amirmahdi/Mothari_robotics/prac1_ws/install/robot_description/share/robot_description/scripts/frame_id_converter.cpp
[0.073s] -- Up-to-date: /home/amirmahdi/Mothari_robotics/prac1_ws/install/robot_description/lib/robot_description/frame_id_converter_node
[0.073s] -- Up-to-date: /home/amirmahdi/Mothari_robotics/prac1_ws/install/robot_description/lib/robot_description/ekf_diff_imu_node
[0.073s] -- Up-to-date: /home/amirmahdi/Mothari_robotics/prac1_ws/install/robot_description/lib/robot_description/motor_command_node
[0.073s] -- Up-to-date: /home/amirmahdi/Mothari_robotics/prac1_ws/install/robot_description/share/ament_index/resource_index/package_run_dependencies/robot_description
[0.073s] -- Up-to-date: /home/amirmahdi/Mothari_robotics/prac1_ws/install/robot_description/share/ament_index/resource_index/parent_prefix_path/robot_description
[0.073s] -- Up-to-date: /home/amirmahdi/Mothari_robotics/prac1_ws/install/robot_description/share/robot_description/environment/ament_prefix_path.sh
[0.073s] -- Up-to-date: /home/amirmahdi/Mothari_robotics/prac1_ws/install/robot_description/share/robot_description/environment/ament_prefix_path.dsv
[0.073s] -- Up-to-date: /home/amirmahdi/Mothari_robotics/prac1_ws/install/robot_description/share/robot_description/environment/path.sh
[0.073s] -- Up-to-date: /home/amirmahdi/Mothari_robotics/prac1_ws/install/robot_description/share/robot_description/environment/path.dsv
[0.073s] -- Up-to-date: /home/amirmahdi/Mothari_robotics/prac1_ws/install/robot_description/share/robot_description/local_setup.bash
[0.073s] -- Up-to-date: /home/amirmahdi/Mothari_robotics/prac1_ws/install/robot_description/share/robot_description/local_setup.sh
[0.073s] -- Up-to-date: /home/amirmahdi/Mothari_robotics/prac1_ws/install/robot_description/share/robot_description/local_setup.zsh
[0.073s] -- Up-to-date: /home/amirmahdi/Mothari_robotics/prac1_ws/install/robot_description/share/robot_description/local_setup.dsv
[0.073s] -- Installing: /home/amirmahdi/Mothari_robotics/prac1_ws/install/robot_description/share/robot_description/package.dsv
[0.073s] -- Up-to-date: /home/amirmahdi/Mothari_robotics/prac1_ws/install/robot_description/share/ament_index/resource_index/packages/robot_description
[0.073s] -- Up-to-date: /home/amirmahdi/Mothari_robotics/prac1_ws/install/robot_description/share/robot_description/cmake/robot_descriptionConfig.cmake
[0.073s] -- Up-to-date: /home/amirmahdi/Mothari_robotics/prac1_ws/install/robot_description/share/robot_description/cmake/robot_descriptionConfig-version.cmake
[0.073s] -- Up-to-date: /home/amirmahdi/Mothari_robotics/prac1_ws/install/robot_description/share/robot_description/package.xml
[0.074s] Invoked command in '/home/amirmahdi/Mothari_robotics/prac1_ws/build/robot_description' returned '0': CMAKE_PREFIX_PATH=/home/amirmahdi/ros2_ws/install/my_py_pkg:/opt/ros/humble /usr/bin/cmake --install /home/amirmahdi/Mothari_robotics/prac1_ws/build/robot_description
