[0.006s] Invoking command in '/home/amirmahdi/Mothari_robotics/Robotic_prac1/build/prac1_robot_description': CMAKE_PREFIX_PATH=${CMAKE_PREFIX_PATH}:/opt/ros/humble /usr/bin/cmake /home/amirmahdi/Mothari_robotics/Robotic_prac1/prac1_robot_description -DCMAKE_INSTALL_PREFIX=/home/amirmahdi/Mothari_robotics/Robotic_prac1/install/prac1_robot_description
[0.042s] -- The C compiler identification is GNU 11.4.0
[0.076s] -- The CXX compiler identification is GNU 11.4.0
[0.080s] -- Detecting C compiler ABI info
[0.128s] -- Detecting C compiler ABI info - done
[0.133s] -- Check for working C compiler: /usr/bin/cc - skipped
[0.133s] -- Detecting C compile features
[0.134s] -- Detecting C compile features - done
[0.136s] -- Detecting CXX compiler ABI info
[0.192s] -- Detecting CXX compiler ABI info - done
[0.196s] -- Check for working CXX compiler: /usr/bin/c++ - skipped
[0.196s] -- Detecting CXX compile features
[0.197s] -- Detecting CXX compile features - done
[0.198s] -- Found ament_cmake: 1.3.12 (/opt/ros/humble/share/ament_cmake/cmake)
[0.292s] -- Found Python3: /usr/bin/python3 (found version "3.10.12") found components: Interpreter 
[0.338s] -- Found rclcpp: 16.0.15 (/opt/ros/humble/share/rclcpp/cmake)
[0.359s] -- Found rosidl_generator_c: 3.1.7 (/opt/ros/humble/share/rosidl_generator_c/cmake)
[0.361s] -- Found rosidl_adapter: 3.1.7 (/opt/ros/humble/share/rosidl_adapter/cmake)
[0.365s] -- Found rosidl_generator_cpp: 3.1.7 (/opt/ros/humble/share/rosidl_generator_cpp/cmake)
[0.371s] -- Using all available rosidl_typesupport_c: rosidl_typesupport_fastrtps_c;rosidl_typesupport_introspection_c
[0.379s] -- Using all available rosidl_typesupport_cpp: rosidl_typesupport_fastrtps_cpp;rosidl_typesupport_introspection_cpp
[0.400s] -- Found rmw_implementation_cmake: 6.1.2 (/opt/ros/humble/share/rmw_implementation_cmake/cmake)
[0.401s] -- Found rmw_fastrtps_cpp: 6.2.8 (/opt/ros/humble/share/rmw_fastrtps_cpp/cmake)
[0.452s] -- Found OpenSSL: /usr/lib/x86_64-linux-gnu/libcrypto.so (found version "3.0.2")  
[0.471s] -- Found FastRTPS: /opt/ros/humble/include  
[0.493s] -- Using RMW implementation 'rmw_fastrtps_cpp' as default
[0.497s] -- Looking for pthread.h
[0.542s] -- Looking for pthread.h - found
[0.542s] -- Performing Test CMAKE_HAVE_LIBC_PTHREAD
[0.597s] -- Performing Test CMAKE_HAVE_LIBC_PTHREAD - Success
[0.598s] -- Found Threads: TRUE  
[0.629s] -- Found sensor_msgs: 4.9.0 (/opt/ros/humble/share/sensor_msgs/cmake)
[0.645s] -- Found nav_msgs: 4.9.0 (/opt/ros/humble/share/nav_msgs/cmake)
[0.654s] -- Found std_srvs: 4.9.0 (/opt/ros/humble/share/std_srvs/cmake)
[0.660s] -- Found tf2: 0.25.16 (/opt/ros/humble/share/tf2/cmake)
[0.668s] -- Found tf2_ros: 0.25.16 (/opt/ros/humble/share/tf2_ros/cmake)
[0.714s] -- Found ament_lint_auto: 0.12.14 (/opt/ros/humble/share/ament_lint_auto/cmake)
[0.757s] -- Added test 'cppcheck' to perform static code analysis on C / C++ code
[0.757s] -- Configured cppcheck include dirs: 
[0.757s] -- Configured cppcheck exclude dirs and/or files: 
[0.757s] -- Added test 'flake8' to check Python code syntax and style conventions
[0.758s] -- Added test 'lint_cmake' to check CMake code style
[0.758s] -- Added test 'pep257' to check Python code against some of the docstring style conventions in PEP 257
[0.759s] -- Added test 'uncrustify' to check C / C++ code style
[0.759s] -- Configured uncrustify additional arguments: 
[0.759s] -- Added test 'xmllint' to check XML markup files
[0.759s] -- Configuring done
[0.766s] -- Generating done
[0.768s] -- Build files have been written to: /home/amirmahdi/Mothari_robotics/Robotic_prac1/build/prac1_robot_description
[0.776s] Invoked command in '/home/amirmahdi/Mothari_robotics/Robotic_prac1/build/prac1_robot_description' returned '0': CMAKE_PREFIX_PATH=${CMAKE_PREFIX_PATH}:/opt/ros/humble /usr/bin/cmake /home/amirmahdi/Mothari_robotics/Robotic_prac1/prac1_robot_description -DCMAKE_INSTALL_PREFIX=/home/amirmahdi/Mothari_robotics/Robotic_prac1/install/prac1_robot_description
[0.777s] Invoking command in '/home/amirmahdi/Mothari_robotics/Robotic_prac1/build/prac1_robot_description': CMAKE_PREFIX_PATH=${CMAKE_PREFIX_PATH}:/opt/ros/humble /usr/bin/cmake --build /home/amirmahdi/Mothari_robotics/Robotic_prac1/build/prac1_robot_description -- -j20 -l20
[0.807s] [ 50%] [32mBuilding CXX object CMakeFiles/laser_scan_frame_id_converter_node.dir/scripts/frame_id_converter.cpp.o[0m
[6.131s] [100%] [32m[1mLinking CXX executable laser_scan_frame_id_converter_node[0m
[6.405s] [100%] Built target laser_scan_frame_id_converter_node
[6.412s] Invoked command in '/home/amirmahdi/Mothari_robotics/Robotic_prac1/build/prac1_robot_description' returned '0': CMAKE_PREFIX_PATH=${CMAKE_PREFIX_PATH}:/opt/ros/humble /usr/bin/cmake --build /home/amirmahdi/Mothari_robotics/Robotic_prac1/build/prac1_robot_description -- -j20 -l20
[6.421s] Invoking command in '/home/amirmahdi/Mothari_robotics/Robotic_prac1/build/prac1_robot_description': CMAKE_PREFIX_PATH=${CMAKE_PREFIX_PATH}:/opt/ros/humble /usr/bin/cmake --install /home/amirmahdi/Mothari_robotics/Robotic_prac1/build/prac1_robot_description
[6.426s] -- Install configuration: ""
[6.426s] -- Installing: /home/amirmahdi/Mothari_robotics/Robotic_prac1/install/prac1_robot_description/share/prac1_robot_description/src
[6.426s] -- Installing: /home/amirmahdi/Mothari_robotics/Robotic_prac1/install/prac1_robot_description/share/prac1_robot_description/src/description
[6.426s] -- Installing: /home/amirmahdi/Mothari_robotics/Robotic_prac1/install/prac1_robot_description/share/prac1_robot_description/src/description/robot.urdf
[6.426s] -- Installing: /home/amirmahdi/Mothari_robotics/Robotic_prac1/install/prac1_robot_description/share/prac1_robot_description/src/robot2.urdf
[6.427s] -- Installing: /home/amirmahdi/Mothari_robotics/Robotic_prac1/install/prac1_robot_description/share/prac1_robot_description/launch
[6.427s] -- Installing: /home/amirmahdi/Mothari_robotics/Robotic_prac1/install/prac1_robot_description/share/prac1_robot_description/launch/display.launch.py
[6.427s] -- Installing: /home/amirmahdi/Mothari_robotics/Robotic_prac1/install/prac1_robot_description/share/prac1_robot_description/launch/gazebo.launch.py
[6.427s] -- Installing: /home/amirmahdi/Mothari_robotics/Robotic_prac1/install/prac1_robot_description/share/prac1_robot_description/rviz
[6.427s] -- Installing: /home/amirmahdi/Mothari_robotics/Robotic_prac1/install/prac1_robot_description/share/prac1_robot_description/rviz/display.rviz
[6.427s] -- Installing: /home/amirmahdi/Mothari_robotics/Robotic_prac1/install/prac1_robot_description/share/prac1_robot_description/rviz/gazebo.rviz
[6.427s] -- Installing: /home/amirmahdi/Mothari_robotics/Robotic_prac1/install/prac1_robot_description/share/prac1_robot_description/config
[6.427s] -- Installing: /home/amirmahdi/Mothari_robotics/Robotic_prac1/install/prac1_robot_description/share/prac1_robot_description/config/gz_bridge.yaml
[6.427s] -- Installing: /home/amirmahdi/Mothari_robotics/Robotic_prac1/install/prac1_robot_description/share/prac1_robot_description/config/gazebo.rviz
[6.427s] -- Installing: /home/amirmahdi/Mothari_robotics/Robotic_prac1/install/prac1_robot_description/share/prac1_robot_description/world
[6.427s] -- Installing: /home/amirmahdi/Mothari_robotics/Robotic_prac1/install/prac1_robot_description/share/prac1_robot_description/world/depot.sdf
[6.427s] -- Installing: /home/amirmahdi/Mothari_robotics/Robotic_prac1/install/prac1_robot_description/share/prac1_robot_description/world/test.sdf
[6.427s] -- Installing: /home/amirmahdi/Mothari_robotics/Robotic_prac1/install/prac1_robot_description/share/prac1_robot_description/scripts
[6.427s] -- Installing: /home/amirmahdi/Mothari_robotics/Robotic_prac1/install/prac1_robot_description/share/prac1_robot_description/scripts/frame_id_converter.cpp
[6.428s] -- Installing: /home/amirmahdi/Mothari_robotics/Robotic_prac1/install/prac1_robot_description/share/prac1_robot_description/scripts/efk_diff_imu.cpp
[6.428s] -- Installing: /home/amirmahdi/Mothari_robotics/Robotic_prac1/install/prac1_robot_description/lib/prac1_robot_description/laser_scan_frame_id_converter_node
[6.430s] -- Set runtime path of "/home/amirmahdi/Mothari_robotics/Robotic_prac1/install/prac1_robot_description/lib/prac1_robot_description/laser_scan_frame_id_converter_node" to ""
[6.430s] -- Installing: /home/amirmahdi/Mothari_robotics/Robotic_prac1/install/prac1_robot_description/share/ament_index/resource_index/package_run_dependencies/prac1_robot_description
[6.430s] -- Installing: /home/amirmahdi/Mothari_robotics/Robotic_prac1/install/prac1_robot_description/share/ament_index/resource_index/parent_prefix_path/prac1_robot_description
[6.430s] -- Installing: /home/amirmahdi/Mothari_robotics/Robotic_prac1/install/prac1_robot_description/share/prac1_robot_description/environment/ament_prefix_path.sh
[6.430s] -- Installing: /home/amirmahdi/Mothari_robotics/Robotic_prac1/install/prac1_robot_description/share/prac1_robot_description/environment/ament_prefix_path.dsv
[6.430s] -- Installing: /home/amirmahdi/Mothari_robotics/Robotic_prac1/install/prac1_robot_description/share/prac1_robot_description/environment/path.sh
[6.430s] -- Installing: /home/amirmahdi/Mothari_robotics/Robotic_prac1/install/prac1_robot_description/share/prac1_robot_description/environment/path.dsv
[6.431s] -- Installing: /home/amirmahdi/Mothari_robotics/Robotic_prac1/install/prac1_robot_description/share/prac1_robot_description/local_setup.bash
[6.431s] -- Installing: /home/amirmahdi/Mothari_robotics/Robotic_prac1/install/prac1_robot_description/share/prac1_robot_description/local_setup.sh
[6.431s] -- Installing: /home/amirmahdi/Mothari_robotics/Robotic_prac1/install/prac1_robot_description/share/prac1_robot_description/local_setup.zsh
[6.431s] -- Installing: /home/amirmahdi/Mothari_robotics/Robotic_prac1/install/prac1_robot_description/share/prac1_robot_description/local_setup.dsv
[6.431s] -- Installing: /home/amirmahdi/Mothari_robotics/Robotic_prac1/install/prac1_robot_description/share/prac1_robot_description/package.dsv
[6.431s] -- Installing: /home/amirmahdi/Mothari_robotics/Robotic_prac1/install/prac1_robot_description/share/ament_index/resource_index/packages/prac1_robot_description
[6.431s] -- Installing: /home/amirmahdi/Mothari_robotics/Robotic_prac1/install/prac1_robot_description/share/prac1_robot_description/cmake/prac1_robot_descriptionConfig.cmake
[6.431s] -- Installing: /home/amirmahdi/Mothari_robotics/Robotic_prac1/install/prac1_robot_description/share/prac1_robot_description/cmake/prac1_robot_descriptionConfig-version.cmake
[6.431s] -- Installing: /home/amirmahdi/Mothari_robotics/Robotic_prac1/install/prac1_robot_description/share/prac1_robot_description/package.xml
[6.433s] Invoked command in '/home/amirmahdi/Mothari_robotics/Robotic_prac1/build/prac1_robot_description' returned '0': CMAKE_PREFIX_PATH=${CMAKE_PREFIX_PATH}:/opt/ros/humble /usr/bin/cmake --install /home/amirmahdi/Mothari_robotics/Robotic_prac1/build/prac1_robot_description
