[0.005s] Invoking command in '/home/amirmahdi/Mothari_robotics/Robotic_prac1/build/robot_estimation': CMAKE_PREFIX_PATH=${CMAKE_PREFIX_PATH}:/opt/ros/humble /usr/bin/cmake --build /home/amirmahdi/Mothari_robotics/Robotic_prac1/build/robot_estimation -- -j20 -l20
[0.036s] [35m[1mConsolidate compiler generated dependencies of target lowpass_imu_node[0m
[0.036s] [35m[1mConsolidate compiler generated dependencies of target motor_rpm_node[0m
[0.036s] [35m[1mConsolidate compiler generated dependencies of target cmd_vel_to_rpm[0m
[0.036s] [35m[1mConsolidate compiler generated dependencies of target complementary_orientation_node[0m
[0.037s] [35m[1mConsolidate compiler generated dependencies of target imu_bias_correction_node[0m
[0.037s] [35m[1mConsolidate compiler generated dependencies of target wheel_odometry_node[0m
[0.047s] [ 16%] Built target complementary_orientation_node
[0.048s] [ 33%] Built target motor_rpm_node
[0.048s] [ 50%] Built target lowpass_imu_node
[0.049s] [ 66%] Built target cmd_vel_to_rpm
[0.052s] [ 91%] Built target wheel_odometry_node
[0.052s] [100%] Built target imu_bias_correction_node
[0.061s] Invoked command in '/home/amirmahdi/Mothari_robotics/Robotic_prac1/build/robot_estimation' returned '0': CMAKE_PREFIX_PATH=${CMAKE_PREFIX_PATH}:/opt/ros/humble /usr/bin/cmake --build /home/amirmahdi/Mothari_robotics/Robotic_prac1/build/robot_estimation -- -j20 -l20
[0.062s] Invoking command in '/home/amirmahdi/Mothari_robotics/Robotic_prac1/build/robot_estimation': CMAKE_PREFIX_PATH=${CMAKE_PREFIX_PATH}:/opt/ros/humble /usr/bin/cmake --install /home/amirmahdi/Mothari_robotics/Robotic_prac1/build/robot_estimation
[0.069s] -- Install configuration: ""
[0.069s] -- Up-to-date: /home/amirmahdi/Mothari_robotics/Robotic_prac1/install/robot_estimation/lib/robot_estimation/imu_bias_correction_node
[0.069s] -- Up-to-date: /home/amirmahdi/Mothari_robotics/Robotic_prac1/install/robot_estimation/lib/robot_estimation/lowpass_imu_node
[0.069s] -- Up-to-date: /home/amirmahdi/Mothari_robotics/Robotic_prac1/install/robot_estimation/lib/robot_estimation/complementary_orientation_node
[0.069s] -- Up-to-date: /home/amirmahdi/Mothari_robotics/Robotic_prac1/install/robot_estimation/lib/robot_estimation/motor_rpm_node
[0.069s] -- Up-to-date: /home/amirmahdi/Mothari_robotics/Robotic_prac1/install/robot_estimation/lib/robot_estimation/cmd_vel_to_rpm
[0.069s] -- Up-to-date: /home/amirmahdi/Mothari_robotics/Robotic_prac1/install/robot_estimation/lib/robot_estimation/wheel_odometry_node
[0.070s] -- Up-to-date: /home/amirmahdi/Mothari_robotics/Robotic_prac1/install/robot_estimation/share/robot_estimation/launch
[0.070s] -- Up-to-date: /home/amirmahdi/Mothari_robotics/Robotic_prac1/install/robot_estimation/share/robot_estimation/launch/estimation.launch.py
[0.070s] -- Up-to-date: /home/amirmahdi/Mothari_robotics/Robotic_prac1/install/robot_estimation/share/ament_index/resource_index/package_run_dependencies/robot_estimation
[0.070s] -- Up-to-date: /home/amirmahdi/Mothari_robotics/Robotic_prac1/install/robot_estimation/share/ament_index/resource_index/parent_prefix_path/robot_estimation
[0.070s] -- Up-to-date: /home/amirmahdi/Mothari_robotics/Robotic_prac1/install/robot_estimation/share/robot_estimation/environment/ament_prefix_path.sh
[0.070s] -- Up-to-date: /home/amirmahdi/Mothari_robotics/Robotic_prac1/install/robot_estimation/share/robot_estimation/environment/ament_prefix_path.dsv
[0.070s] -- Up-to-date: /home/amirmahdi/Mothari_robotics/Robotic_prac1/install/robot_estimation/share/robot_estimation/environment/path.sh
[0.070s] -- Up-to-date: /home/amirmahdi/Mothari_robotics/Robotic_prac1/install/robot_estimation/share/robot_estimation/environment/path.dsv
[0.070s] -- Up-to-date: /home/amirmahdi/Mothari_robotics/Robotic_prac1/install/robot_estimation/share/robot_estimation/local_setup.bash
[0.070s] -- Up-to-date: /home/amirmahdi/Mothari_robotics/Robotic_prac1/install/robot_estimation/share/robot_estimation/local_setup.sh
[0.070s] -- Up-to-date: /home/amirmahdi/Mothari_robotics/Robotic_prac1/install/robot_estimation/share/robot_estimation/local_setup.zsh
[0.070s] -- Up-to-date: /home/amirmahdi/Mothari_robotics/Robotic_prac1/install/robot_estimation/share/robot_estimation/local_setup.dsv
[0.070s] -- Installing: /home/amirmahdi/Mothari_robotics/Robotic_prac1/install/robot_estimation/share/robot_estimation/package.dsv
[0.070s] -- Up-to-date: /home/amirmahdi/Mothari_robotics/Robotic_prac1/install/robot_estimation/share/ament_index/resource_index/packages/robot_estimation
[0.070s] -- Up-to-date: /home/amirmahdi/Mothari_robotics/Robotic_prac1/install/robot_estimation/share/robot_estimation/cmake/robot_estimationConfig.cmake
[0.071s] -- Up-to-date: /home/amirmahdi/Mothari_robotics/Robotic_prac1/install/robot_estimation/share/robot_estimation/cmake/robot_estimationConfig-version.cmake
[0.071s] -- Up-to-date: /home/amirmahdi/Mothari_robotics/Robotic_prac1/install/robot_estimation/share/robot_estimation/package.xml
[0.076s] Invoked command in '/home/amirmahdi/Mothari_robotics/Robotic_prac1/build/robot_estimation' returned '0': CMAKE_PREFIX_PATH=${CMAKE_PREFIX_PATH}:/opt/ros/humble /usr/bin/cmake --install /home/amirmahdi/Mothari_robotics/Robotic_prac1/build/robot_estimation
