[100%] Built target laser_scan_frame_id_converter_node
-- Install configuration: ""
-- Up-to-date: /home/amirmahdi/Mothari_robotics/Robotic_prac1/install/prac1_robot_description/share/prac1_robot_description/src
-- Up-to-date: /home/amirmahdi/Mothari_robotics/Robotic_prac1/install/prac1_robot_description/share/prac1_robot_description/src/description
-- Up-to-date: /home/amirmahdi/Mothari_robotics/Robotic_prac1/install/prac1_robot_description/share/prac1_robot_description/src/description/robot.urdf
-- Up-to-date: /home/amirmahdi/Mothari_robotics/Robotic_prac1/install/prac1_robot_description/share/prac1_robot_description/src/robot2.urdf
-- Up-to-date: /home/amirmahdi/Mothari_robotics/Robotic_prac1/install/prac1_robot_description/share/prac1_robot_description/launch
-- Up-to-date: /home/amirmahdi/Mothari_robotics/Robotic_prac1/install/prac1_robot_description/share/prac1_robot_description/launch/display.launch.py
-- Up-to-date: /home/amirmahdi/Mothari_robotics/Robotic_prac1/install/prac1_robot_description/share/prac1_robot_description/launch/gazebo.launch.py
-- Up-to-date: /home/amirmahdi/Mothari_robotics/Robotic_prac1/install/prac1_robot_description/share/prac1_robot_description/rviz
-- Up-to-date: /home/amirmahdi/Mothari_robotics/Robotic_prac1/install/prac1_robot_description/share/prac1_robot_description/rviz/display.rviz
-- Up-to-date: /home/amirmahdi/Mothari_robotics/Robotic_prac1/install/prac1_robot_description/share/prac1_robot_description/rviz/gazebo.rviz
-- Up-to-date: /home/amirmahdi/Mothari_robotics/Robotic_prac1/install/prac1_robot_description/share/prac1_robot_description/config
-- Up-to-date: /home/amirmahdi/Mothari_robotics/Robotic_prac1/install/prac1_robot_description/share/prac1_robot_description/config/gz_bridge.yaml
-- Up-to-date: /home/amirmahdi/Mothari_robotics/Robotic_prac1/install/prac1_robot_description/share/prac1_robot_description/config/gazebo.rviz
-- Up-to-date: /home/amirmahdi/Mothari_robotics/Robotic_prac1/install/prac1_robot_description/share/prac1_robot_description/world
-- Up-to-date: /home/amirmahdi/Mothari_robotics/Robotic_prac1/install/prac1_robot_description/share/prac1_robot_description/world/depot.sdf
-- Up-to-date: /home/amirmahdi/Mothari_robotics/Robotic_prac1/install/prac1_robot_description/share/prac1_robot_description/world/test.sdf
-- Up-to-date: /home/amirmahdi/Mothari_robotics/Robotic_prac1/install/prac1_robot_description/share/prac1_robot_description/scripts
-- Up-to-date: /home/amirmahdi/Mothari_robotics/Robotic_prac1/install/prac1_robot_description/share/prac1_robot_description/scripts/frame_id_converter.cpp
-- Up-to-date: /home/amirmahdi/Mothari_robotics/Robotic_prac1/install/prac1_robot_description/lib/prac1_robot_description/laser_scan_frame_id_converter_node
-- Up-to-date: /home/amirmahdi/Mothari_robotics/Robotic_prac1/install/prac1_robot_description/share/ament_index/resource_index/package_run_dependencies/prac1_robot_description
-- Up-to-date: /home/amirmahdi/Mothari_robotics/Robotic_prac1/install/prac1_robot_description/share/ament_index/resource_index/parent_prefix_path/prac1_robot_description
-- Up-to-date: /home/amirmahdi/Mothari_robotics/Robotic_prac1/install/prac1_robot_description/share/prac1_robot_description/environment/ament_prefix_path.sh
-- Up-to-date: /home/amirmahdi/Mothari_robotics/Robotic_prac1/install/prac1_robot_description/share/prac1_robot_description/environment/ament_prefix_path.dsv
-- Up-to-date: /home/amirmahdi/Mothari_robotics/Robotic_prac1/install/prac1_robot_description/share/prac1_robot_description/environment/path.sh
-- Up-to-date: /home/amirmahdi/Mothari_robotics/Robotic_prac1/install/prac1_robot_description/share/prac1_robot_description/environment/path.dsv
-- Up-to-date: /home/amirmahdi/Mothari_robotics/Robotic_prac1/install/prac1_robot_description/share/prac1_robot_description/local_setup.bash
-- Up-to-date: /home/amirmahdi/Mothari_robotics/Robotic_prac1/install/prac1_robot_description/share/prac1_robot_description/local_setup.sh
-- Up-to-date: /home/amirmahdi/Mothari_robotics/Robotic_prac1/install/prac1_robot_description/share/prac1_robot_description/local_setup.zsh
-- Up-to-date: /home/amirmahdi/Mothari_robotics/Robotic_prac1/install/prac1_robot_description/share/prac1_robot_description/local_setup.dsv
-- Installing: /home/amirmahdi/Mothari_robotics/Robotic_prac1/install/prac1_robot_description/share/prac1_robot_description/package.dsv
-- Up-to-date: /home/amirmahdi/Mothari_robotics/Robotic_prac1/install/prac1_robot_description/share/ament_index/resource_index/packages/prac1_robot_description
-- Up-to-date: /home/amirmahdi/Mothari_robotics/Robotic_prac1/install/prac1_robot_description/share/prac1_robot_description/cmake/prac1_robot_descriptionConfig.cmake
-- Up-to-date: /home/amirmahdi/Mothari_robotics/Robotic_prac1/install/prac1_robot_description/share/prac1_robot_description/cmake/prac1_robot_descriptionConfig-version.cmake
-- Up-to-date: /home/amirmahdi/Mothari_robotics/Robotic_prac1/install/prac1_robot_description/share/prac1_robot_description/package.xml
